10:02:23.514 [main] INFO  io.gatling.compiler.ZincCompiler$ - Compiling 1 Scala source and 1 Java source to C:\Users\cyril\IdeaProjects\KarateGatling\target\test-classes ...
10:02:42.642 [main] INFO  io.gatling.compiler.ZincCompiler$ - Done compiling.
10:02:45.501 [main] INFO  i.g.c.config.GatlingConfiguration$ - Gatling will try to use 'gatling.conf' as custom config file.
10:02:46.667 [GatlingSystem-akka.actor.default-dispatcher-2] INFO  akka.event.slf4j.Slf4jLogger - Slf4jLogger started
10:02:48.770 [GatlingSystem-akka.actor.default-dispatcher-2] INFO  i.g.c.stats.writer.LogFileDataWriter - Initializing
10:02:48.780 [GatlingSystem-akka.actor.default-dispatcher-3] INFO  i.g.c.stats.writer.ConsoleDataWriter - Initializing
10:02:48.833 [GatlingSystem-akka.actor.default-dispatcher-3] INFO  i.g.c.stats.writer.ConsoleDataWriter - Initialized
10:02:48.932 [GatlingSystem-akka.actor.default-dispatcher-2] INFO  i.g.c.stats.writer.LogFileDataWriter - Initialized
10:02:51.227 [GatlingSystem-akka.actor.default-dispatcher-2] INFO  com.intuit.karate - karate.env system property was:  
10:02:51.281 [GatlingSystem-akka.actor.default-dispatcher-3] INFO  com.intuit.karate - karate.env system property was:  
10:02:51.798 [GatlingSystem-akka.actor.default-dispatcher-7] INFO  com.intuit.karate - karate.env system property was:  
10:02:51.806 [GatlingSystem-akka.actor.default-dispatcher-5] INFO  com.intuit.karate - karate.env system property was:  
10:02:51.968 [GatlingSystem-akka.actor.default-dispatcher-3] DEBUG com.intuit.karate - request:
1 > GET https://reqres.in/api/users/2
1 > Accept-Encoding: gzip,deflate
1 > Connection: Keep-Alive
1 > Host: reqres.in
1 > User-Agent: Apache-HttpClient/4.5.12 (Java/11.0.10)

10:02:51.968 [GatlingSystem-akka.actor.default-dispatcher-2] DEBUG com.intuit.karate - request:
1 > GET https://reqres.in/api/users/2
1 > Accept-Encoding: gzip,deflate
1 > Connection: Keep-Alive
1 > Host: reqres.in
1 > User-Agent: Apache-HttpClient/4.5.12 (Java/11.0.10)

10:02:51.969 [GatlingSystem-akka.actor.default-dispatcher-7] DEBUG com.intuit.karate - request:
1 > GET https://reqres.in/api/users/2
1 > Accept-Encoding: gzip,deflate
1 > Connection: Keep-Alive
1 > Host: reqres.in
1 > User-Agent: Apache-HttpClient/4.5.12 (Java/11.0.10)

10:02:52.019 [GatlingSystem-akka.actor.default-dispatcher-5] DEBUG com.intuit.karate - request:
1 > GET https://reqres.in/api/users/2
1 > Accept-Encoding: gzip,deflate
1 > Connection: Keep-Alive
1 > Host: reqres.in
1 > User-Agent: Apache-HttpClient/4.5.12 (Java/11.0.10)

10:02:52.540 [GatlingSystem-akka.actor.default-dispatcher-3] DEBUG com.intuit.karate - response time in milliseconds: 546.12
1 < 200
1 < Age: 1988
1 < CF-Cache-Status: HIT
1 < CF-RAY: 6a38b95c9dee0e68-BOM
1 < Cache-Control: max-age=14400
1 < Connection: keep-alive
1 < Content-Type: application/json; charset=utf-8
1 < Date: Mon, 25 Oct 2021 04:32:58 GMT
1 < Expect-CT: max-age=604800, report-uri="https://report-uri.cloudflare.com/cdn-cgi/beacon/expect-ct"
1 < NEL: {"success_fraction":0,"report_to":"cf-nel","max_age":604800}
1 < Report-To: {"endpoints":[{"url":"https:\/\/a.nel.cloudflare.com\/report\/v3?s=ZtaCwbBHTqSxG6%2Fkl%2FS1vuAiMPPcCwxNDAiZ%2FS8L5%2BE2O0qDZHBke%2BgI%2FS9rwkAyEH72cx8lzvKSxqoPKeCfSuG8SyjI%2Bzhgdkhu8kgvROC%2B86zsDdhNd3arHus%3D"}],"group":"cf-nel","max_age":604800}
1 < Server: cloudflare
1 < Transfer-Encoding: chunked
1 < Vary: Accept-Encoding
1 < access-control-allow-origin: *
1 < alt-svc: h3=":443"; ma=86400, h3-29=":443"; ma=86400, h3-28=":443"; ma=86400, h3-27=":443"; ma=86400
1 < etag: W/"118-pbdwwFo9SKNhD3Lx5iHJyngpq00"
1 < via: 1.1 vegur
1 < x-powered-by: Express
{"data":{"id":2,"email":"janet.weaver@reqres.in","first_name":"Janet","last_name":"Weaver","avatar":"https://reqres.in/img/faces/2-image.jpg"},"support":{"url":"https://reqres.in/#support-heading","text":"To keep ReqRes free, contributions towards server costs are appreciated!"}}

10:02:52.542 [GatlingSystem-akka.actor.default-dispatcher-2] DEBUG com.intuit.karate - response time in milliseconds: 549.66
1 < 200
1 < Age: 1988
1 < CF-Cache-Status: HIT
1 < CF-RAY: 6a38b95c9c066f11-BOM
1 < Cache-Control: max-age=14400
1 < Connection: keep-alive
1 < Content-Type: application/json; charset=utf-8
1 < Date: Mon, 25 Oct 2021 04:32:58 GMT
1 < Expect-CT: max-age=604800, report-uri="https://report-uri.cloudflare.com/cdn-cgi/beacon/expect-ct"
1 < NEL: {"success_fraction":0,"report_to":"cf-nel","max_age":604800}
1 < Report-To: {"endpoints":[{"url":"https:\/\/a.nel.cloudflare.com\/report\/v3?s=0mu2v2d5P8nnGbKqvMB8bBpgRHqty%2FaBalvH51hubnErtoJsFZF%2BhOTgiYKTJ4nwBCDWzdSkMRyefcW11MmuwG4loYmrplfwhGtUxB0%2FnPPa12o%2B3c3cskMYNLw%3D"}],"group":"cf-nel","max_age":604800}
1 < Server: cloudflare
1 < Transfer-Encoding: chunked
1 < Vary: Accept-Encoding
1 < access-control-allow-origin: *
1 < alt-svc: h3=":443"; ma=86400, h3-29=":443"; ma=86400, h3-28=":443"; ma=86400, h3-27=":443"; ma=86400
1 < etag: W/"118-pbdwwFo9SKNhD3Lx5iHJyngpq00"
1 < via: 1.1 vegur
1 < x-powered-by: Express
{"data":{"id":2,"email":"janet.weaver@reqres.in","first_name":"Janet","last_name":"Weaver","avatar":"https://reqres.in/img/faces/2-image.jpg"},"support":{"url":"https://reqres.in/#support-heading","text":"To keep ReqRes free, contributions towards server costs are appreciated!"}}

10:02:52.562 [GatlingSystem-akka.actor.default-dispatcher-7] DEBUG com.intuit.karate - response time in milliseconds: 536.19
1 < 200
1 < Age: 1988
1 < CF-Cache-Status: HIT
1 < CF-RAY: 6a38b95c8a332e35-BOM
1 < Cache-Control: max-age=14400
1 < Connection: keep-alive
1 < Content-Type: application/json; charset=utf-8
1 < Date: Mon, 25 Oct 2021 04:32:58 GMT
1 < Expect-CT: max-age=604800, report-uri="https://report-uri.cloudflare.com/cdn-cgi/beacon/expect-ct"
1 < NEL: {"success_fraction":0,"report_to":"cf-nel","max_age":604800}
1 < Report-To: {"endpoints":[{"url":"https:\/\/a.nel.cloudflare.com\/report\/v3?s=SyplULhQBIZXMkTf9i%2Fn3IGYvlI54obv90sHfe%2F1VB3tsW3DfVPbA%2Ff9zsTioyOBQ7bdIxddACzKW7yxn5%2FHNjLcIcrYvJjRLpNpcZ6OhY2DN%2FgJZIUmab%2Fw%2Fxk%3D"}],"group":"cf-nel","max_age":604800}
1 < Server: cloudflare
1 < Transfer-Encoding: chunked
1 < Vary: Accept-Encoding
1 < access-control-allow-origin: *
1 < alt-svc: h3=":443"; ma=86400, h3-29=":443"; ma=86400, h3-28=":443"; ma=86400, h3-27=":443"; ma=86400
1 < etag: W/"118-pbdwwFo9SKNhD3Lx5iHJyngpq00"
1 < via: 1.1 vegur
1 < x-powered-by: Express
{"data":{"id":2,"email":"janet.weaver@reqres.in","first_name":"Janet","last_name":"Weaver","avatar":"https://reqres.in/img/faces/2-image.jpg"},"support":{"url":"https://reqres.in/#support-heading","text":"To keep ReqRes free, contributions towards server costs are appreciated!"}}

10:02:52.567 [GatlingSystem-akka.actor.default-dispatcher-10] INFO  com.intuit.karate - karate.env system property was:  
10:02:52.570 [GatlingSystem-akka.actor.default-dispatcher-3] INFO  com.intuit.karate - [print] {
  "data": {
    "last_name": "Weaver",
    "id": 2,
    "avatar": "https://reqres.in/img/faces/2-image.jpg",
    "first_name": "Janet",
    "email": "janet.weaver@reqres.in"
  },
  "support": {
    "text": "To keep ReqRes free, contributions towards server costs are appreciated!",
    "url": "https://reqres.in/#support-heading"
  }
}

10:02:52.579 [GatlingSystem-akka.actor.default-dispatcher-10] DEBUG com.intuit.karate - request:
1 > GET https://reqres.in/api/users/2
1 > Accept-Encoding: gzip,deflate
1 > Connection: Keep-Alive
1 > Host: reqres.in
1 > User-Agent: Apache-HttpClient/4.5.12 (Java/11.0.10)

10:02:52.590 [GatlingSystem-akka.actor.default-dispatcher-2] INFO  com.intuit.karate - [print] {
  "data": {
    "last_name": "Weaver",
    "id": 2,
    "avatar": "https://reqres.in/img/faces/2-image.jpg",
    "first_name": "Janet",
    "email": "janet.weaver@reqres.in"
  },
  "support": {
    "text": "To keep ReqRes free, contributions towards server costs are appreciated!",
    "url": "https://reqres.in/#support-heading"
  }
}

10:02:52.594 [GatlingSystem-akka.actor.default-dispatcher-9] INFO  com.intuit.karate - karate.env system property was:  
10:02:52.594 [GatlingSystem-akka.actor.default-dispatcher-5] DEBUG com.intuit.karate - response time in milliseconds: 488.24
1 < 200
1 < Age: 1988
1 < CF-Cache-Status: HIT
1 < CF-RAY: 6a38b95c9cfd3193-BOM
1 < Cache-Control: max-age=14400
1 < Connection: keep-alive
1 < Content-Type: application/json; charset=utf-8
1 < Date: Mon, 25 Oct 2021 04:32:58 GMT
1 < Expect-CT: max-age=604800, report-uri="https://report-uri.cloudflare.com/cdn-cgi/beacon/expect-ct"
1 < NEL: {"success_fraction":0,"report_to":"cf-nel","max_age":604800}
1 < Report-To: {"endpoints":[{"url":"https:\/\/a.nel.cloudflare.com\/report\/v3?s=1O%2BhwTucMDd6mfuvFO5tRTRSePeR9Y2iOW3Jg2PQUP%2BHwLqylJ1klQ9%2Br6z5ly5hT2qIMN%2FleG1OglFHNveucjyyDmyg%2FayHhkJGYyUm9sgyb%2Bwyw1rrX%2F4Xvic%3D"}],"group":"cf-nel","max_age":604800}
1 < Server: cloudflare
1 < Transfer-Encoding: chunked
1 < Vary: Accept-Encoding
1 < access-control-allow-origin: *
1 < alt-svc: h3=":443"; ma=86400, h3-29=":443"; ma=86400, h3-28=":443"; ma=86400, h3-27=":443"; ma=86400
1 < etag: W/"118-pbdwwFo9SKNhD3Lx5iHJyngpq00"
1 < via: 1.1 vegur
1 < x-powered-by: Express
{"data":{"id":2,"email":"janet.weaver@reqres.in","first_name":"Janet","last_name":"Weaver","avatar":"https://reqres.in/img/faces/2-image.jpg"},"support":{"url":"https://reqres.in/#support-heading","text":"To keep ReqRes free, contributions towards server costs are appreciated!"}}

10:02:52.685 [GatlingSystem-akka.actor.default-dispatcher-5] INFO  com.intuit.karate - [print] {
  "data": {
    "last_name": "Weaver",
    "id": 2,
    "avatar": "https://reqres.in/img/faces/2-image.jpg",
    "first_name": "Janet",
    "email": "janet.weaver@reqres.in"
  },
  "support": {
    "text": "To keep ReqRes free, contributions towards server costs are appreciated!",
    "url": "https://reqres.in/#support-heading"
  }
}

10:02:52.689 [GatlingSystem-akka.actor.default-dispatcher-9] DEBUG com.intuit.karate - request:
1 > GET https://reqres.in/api/users/2
1 > Accept-Encoding: gzip,deflate
1 > Connection: Keep-Alive
1 > Host: reqres.in
1 > User-Agent: Apache-HttpClient/4.5.12 (Java/11.0.10)

10:02:52.595 [GatlingSystem-akka.actor.default-dispatcher-7] INFO  com.intuit.karate - [print] {
  "data": {
    "last_name": "Weaver",
    "id": 2,
    "avatar": "https://reqres.in/img/faces/2-image.jpg",
    "first_name": "Janet",
    "email": "janet.weaver@reqres.in"
  },
  "support": {
    "text": "To keep ReqRes free, contributions towards server costs are appreciated!",
    "url": "https://reqres.in/#support-heading"
  }
}

10:02:52.662 [GatlingSystem-akka.actor.default-dispatcher-2] INFO  com.intuit.karate - karate.env system property was:  
10:02:52.757 [GatlingSystem-akka.actor.default-dispatcher-2] DEBUG com.intuit.karate - request:
1 > POST https://reqres.in/api/api/users
1 > Accept-Encoding: gzip,deflate
1 > Connection: Keep-Alive
1 > Content-Length: 34
1 > Content-Type: application/json; charset=UTF-8
1 > Host: reqres.in
1 > User-Agent: Apache-HttpClient/4.5.12 (Java/11.0.10)
{"name":"morpheus","job":"leader"}

10:02:52.768 [GatlingSystem-akka.actor.default-dispatcher-5] INFO  com.intuit.karate - karate.env system property was:  
10:02:52.662 [GatlingSystem-akka.actor.default-dispatcher-3] INFO  com.intuit.karate - karate.env system property was:  
10:02:52.776 [GatlingSystem-akka.actor.default-dispatcher-10] DEBUG com.intuit.karate - response time in milliseconds: 193.38
1 < 200
1 < Age: 1988
1 < CF-Cache-Status: HIT
1 < CF-RAY: 6a38b95e7a482e53-BOM
1 < Cache-Control: max-age=14400
1 < Connection: keep-alive
1 < Content-Type: application/json; charset=utf-8
1 < Date: Mon, 25 Oct 2021 04:32:58 GMT
1 < Expect-CT: max-age=604800, report-uri="https://report-uri.cloudflare.com/cdn-cgi/beacon/expect-ct"
1 < NEL: {"success_fraction":0,"report_to":"cf-nel","max_age":604800}
1 < Report-To: {"endpoints":[{"url":"https:\/\/a.nel.cloudflare.com\/report\/v3?s=F86uQ9db7pjMInlk2Bm49zVMyUugd5aMwQYUPcSx7ZboYFYdnDYTqYfgiWGd6Ql46ePmD95IwWdsoUe19Sq2O3Ql9aSHEPsP2OKro9ImJt%2F3l%2FIspuaxoVj8Lxk%3D"}],"group":"cf-nel","max_age":604800}
1 < Server: cloudflare
1 < Transfer-Encoding: chunked
1 < Vary: Accept-Encoding
1 < access-control-allow-origin: *
1 < alt-svc: h3=":443"; ma=86400, h3-29=":443"; ma=86400, h3-28=":443"; ma=86400, h3-27=":443"; ma=86400
1 < etag: W/"118-pbdwwFo9SKNhD3Lx5iHJyngpq00"
1 < via: 1.1 vegur
1 < x-powered-by: Express
{"data":{"id":2,"email":"janet.weaver@reqres.in","first_name":"Janet","last_name":"Weaver","avatar":"https://reqres.in/img/faces/2-image.jpg"},"support":{"url":"https://reqres.in/#support-heading","text":"To keep ReqRes free, contributions towards server costs are appreciated!"}}

10:02:52.779 [GatlingSystem-akka.actor.default-dispatcher-3] DEBUG com.intuit.karate - request:
1 > POST https://reqres.in/api/api/users
1 > Accept-Encoding: gzip,deflate
1 > Connection: Keep-Alive
1 > Content-Length: 34
1 > Content-Type: application/json; charset=UTF-8
1 > Host: reqres.in
1 > User-Agent: Apache-HttpClient/4.5.12 (Java/11.0.10)
{"name":"morpheus","job":"leader"}

10:02:53.029 [GatlingSystem-akka.actor.default-dispatcher-10] INFO  com.intuit.karate - [print] {
  "data": {
    "last_name": "Weaver",
    "id": 2,
    "avatar": "https://reqres.in/img/faces/2-image.jpg",
    "first_name": "Janet",
    "email": "janet.weaver@reqres.in"
  },
  "support": {
    "text": "To keep ReqRes free, contributions towards server costs are appreciated!",
    "url": "https://reqres.in/#support-heading"
  }
}

10:02:52.786 [GatlingSystem-akka.actor.default-dispatcher-5] DEBUG com.intuit.karate - request:
1 > POST https://reqres.in/api/api/users
1 > Accept-Encoding: gzip,deflate
1 > Connection: Keep-Alive
1 > Content-Length: 34
1 > Content-Type: application/json; charset=UTF-8
1 > Host: reqres.in
1 > User-Agent: Apache-HttpClient/4.5.12 (Java/11.0.10)
{"name":"morpheus","job":"leader"}

10:02:53.050 [GatlingSystem-akka.actor.default-dispatcher-10] INFO  com.intuit.karate - karate.env system property was:  
10:02:53.058 [GatlingSystem-akka.actor.default-dispatcher-10] DEBUG com.intuit.karate - request:
1 > POST https://reqres.in/api/api/users
1 > Accept-Encoding: gzip,deflate
1 > Connection: Keep-Alive
1 > Content-Length: 34
1 > Content-Type: application/json; charset=UTF-8
1 > Host: reqres.in
1 > User-Agent: Apache-HttpClient/4.5.12 (Java/11.0.10)
{"name":"morpheus","job":"leader"}

10:02:52.800 [GatlingSystem-akka.actor.default-dispatcher-7] INFO  com.intuit.karate - karate.env system property was:  
10:02:52.930 [GatlingSystem-akka.actor.default-dispatcher-9] DEBUG com.intuit.karate - response time in milliseconds: 241.66
1 < 200
1 < Age: 1988
1 < CF-Cache-Status: HIT
1 < CF-RAY: 6a38b95f5eb26eaa-BOM
1 < Cache-Control: max-age=14400
1 < Connection: keep-alive
1 < Content-Type: application/json; charset=utf-8
1 < Date: Mon, 25 Oct 2021 04:32:58 GMT
1 < Expect-CT: max-age=604800, report-uri="https://report-uri.cloudflare.com/cdn-cgi/beacon/expect-ct"
1 < NEL: {"success_fraction":0,"report_to":"cf-nel","max_age":604800}
1 < Report-To: {"endpoints":[{"url":"https:\/\/a.nel.cloudflare.com\/report\/v3?s=MHKaIaRYnbb%2FkLn7OiY54%2B3klMXHYLn%2BccDJRhPPl5u%2BceAaQXcqcze2ow%2BRZ68gsbdDS3zVuEqpeCsz4z3WqXyjp2AOl%2BK7bcE3bn0Tw%2BXccorm0ZptF89Ky6o%3D"}],"group":"cf-nel","max_age":604800}
1 < Server: cloudflare
1 < Transfer-Encoding: chunked
1 < Vary: Accept-Encoding
1 < access-control-allow-origin: *
1 < alt-svc: h3=":443"; ma=86400, h3-29=":443"; ma=86400, h3-28=":443"; ma=86400, h3-27=":443"; ma=86400
1 < etag: W/"118-pbdwwFo9SKNhD3Lx5iHJyngpq00"
1 < via: 1.1 vegur
1 < x-powered-by: Express
{"data":{"id":2,"email":"janet.weaver@reqres.in","first_name":"Janet","last_name":"Weaver","avatar":"https://reqres.in/img/faces/2-image.jpg"},"support":{"url":"https://reqres.in/#support-heading","text":"To keep ReqRes free, contributions towards server costs are appreciated!"}}

10:02:53.065 [GatlingSystem-akka.actor.default-dispatcher-7] DEBUG com.intuit.karate - request:
1 > POST https://reqres.in/api/api/users
1 > Accept-Encoding: gzip,deflate
1 > Connection: Keep-Alive
1 > Content-Length: 34
1 > Content-Type: application/json; charset=UTF-8
1 > Host: reqres.in
1 > User-Agent: Apache-HttpClient/4.5.12 (Java/11.0.10)
{"name":"morpheus","job":"leader"}

10:02:53.065 [GatlingSystem-akka.actor.default-dispatcher-9] INFO  com.intuit.karate - [print] {
  "data": {
    "last_name": "Weaver",
    "id": 2,
    "avatar": "https://reqres.in/img/faces/2-image.jpg",
    "first_name": "Janet",
    "email": "janet.weaver@reqres.in"
  },
  "support": {
    "text": "To keep ReqRes free, contributions towards server costs are appreciated!",
    "url": "https://reqres.in/#support-heading"
  }
}

10:02:52.940 [GatlingSystem-akka.actor.default-dispatcher-12] INFO  com.intuit.karate - karate.env system property was:  
10:02:53.081 [GatlingSystem-akka.actor.default-dispatcher-9] INFO  com.intuit.karate - karate.env system property was:  
10:02:53.286 [GatlingSystem-akka.actor.default-dispatcher-12] DEBUG com.intuit.karate - request:
1 > GET https://reqres.in/api/users/2
1 > Accept-Encoding: gzip,deflate
1 > Connection: Keep-Alive
1 > Host: reqres.in
1 > User-Agent: Apache-HttpClient/4.5.12 (Java/11.0.10)

10:02:52.962 [GatlingSystem-akka.actor.default-dispatcher-11] INFO  com.intuit.karate - karate.env system property was:  
10:02:53.291 [GatlingSystem-akka.actor.default-dispatcher-9] DEBUG com.intuit.karate - request:
1 > POST https://reqres.in/api/api/users
1 > Accept-Encoding: gzip,deflate
1 > Connection: Keep-Alive
1 > Content-Length: 34
1 > Content-Type: application/json; charset=UTF-8
1 > Host: reqres.in
1 > User-Agent: Apache-HttpClient/4.5.12 (Java/11.0.10)
{"name":"morpheus","job":"leader"}

10:02:53.291 [GatlingSystem-akka.actor.default-dispatcher-11] DEBUG com.intuit.karate - request:
1 > GET https://reqres.in/api/users/2
1 > Accept-Encoding: gzip,deflate
1 > Connection: Keep-Alive
1 > Host: reqres.in
1 > User-Agent: Apache-HttpClient/4.5.12 (Java/11.0.10)

10:02:53.269 [GatlingSystem-akka.actor.default-dispatcher-6] INFO  com.intuit.karate - karate.env system property was:  
10:02:53.297 [GatlingSystem-akka.actor.default-dispatcher-6] DEBUG com.intuit.karate - request:
1 > GET https://reqres.in/api/users/2
1 > Accept-Encoding: gzip,deflate
1 > Connection: Keep-Alive
1 > Host: reqres.in
1 > User-Agent: Apache-HttpClient/4.5.12 (Java/11.0.10)

10:02:53.360 [GatlingSystem-akka.actor.default-dispatcher-2] DEBUG com.intuit.karate - response time in milliseconds: 600.13
1 < 201
1 < CF-Cache-Status: DYNAMIC
1 < CF-RAY: 6a38b95fcbba0e30-BOM
1 < Connection: keep-alive
1 < Content-Length: 84
1 < Content-Type: application/json; charset=utf-8
1 < Date: Mon, 25 Oct 2021 04:32:59 GMT
1 < Expect-CT: max-age=604800, report-uri="https://report-uri.cloudflare.com/cdn-cgi/beacon/expect-ct"
1 < NEL: {"success_fraction":0,"report_to":"cf-nel","max_age":604800}
1 < Report-To: {"endpoints":[{"url":"https:\/\/a.nel.cloudflare.com\/report\/v3?s=0PCFSD4kl3NcPaI7tgogfGpYV2g4mE7IVebmhu0JekmSsYORxUWzuJXmAMDDhPEA7J9dKQQjhrEeCYOszZq35WPxh504GBnrHGQOB7hHLngWMt8kY6nkMugOCuI%3D"}],"group":"cf-nel","max_age":604800}
1 < Server: cloudflare
1 < access-control-allow-origin: *
1 < alt-svc: h3=":443"; ma=86400, h3-29=":443"; ma=86400, h3-28=":443"; ma=86400, h3-27=":443"; ma=86400
1 < etag: W/"54-n4QnOvnab7Mc3sL/gP04LwcC8HA"
1 < via: 1.1 vegur
1 < x-powered-by: Express
{"name":"morpheus","job":"leader","id":"324","createdAt":"2021-10-25T04:32:59.128Z"}

10:02:53.360 [GatlingSystem-akka.actor.default-dispatcher-2] INFO  com.intuit.karate - [print] {
  "createdAt": "2021-10-25T04:32:59.128Z",
  "name": "morpheus",
  "id": "324",
  "job": "leader"
}

10:02:53.485 [GatlingSystem-akka.actor.default-dispatcher-11] DEBUG com.intuit.karate - response time in milliseconds: 188.21
1 < 200
1 < Age: 1989
1 < CF-Cache-Status: HIT
1 < CF-RAY: 6a38b962bb0b0e6c-BOM
1 < Cache-Control: max-age=14400
1 < Connection: keep-alive
1 < Content-Type: application/json; charset=utf-8
1 < Date: Mon, 25 Oct 2021 04:32:59 GMT
1 < Expect-CT: max-age=604800, report-uri="https://report-uri.cloudflare.com/cdn-cgi/beacon/expect-ct"
1 < NEL: {"success_fraction":0,"report_to":"cf-nel","max_age":604800}
1 < Report-To: {"endpoints":[{"url":"https:\/\/a.nel.cloudflare.com\/report\/v3?s=aRYXOQIeIky6KkyhO1xm2171XqEqP23xaiqra9rFdKYaSMr6rBDtg2%2BGlZlodLddfrcMGiqX%2Fq2YrX0EsTHRP6NdGQNn%2BfOGwQlVKJe4Jovew9Y5xfcFycqk7DI%3D"}],"group":"cf-nel","max_age":604800}
1 < Server: cloudflare
1 < Transfer-Encoding: chunked
1 < Vary: Accept-Encoding
1 < access-control-allow-origin: *
1 < alt-svc: h3=":443"; ma=86400, h3-29=":443"; ma=86400, h3-28=":443"; ma=86400, h3-27=":443"; ma=86400
1 < etag: W/"118-pbdwwFo9SKNhD3Lx5iHJyngpq00"
1 < via: 1.1 vegur
1 < x-powered-by: Express
{"data":{"id":2,"email":"janet.weaver@reqres.in","first_name":"Janet","last_name":"Weaver","avatar":"https://reqres.in/img/faces/2-image.jpg"},"support":{"url":"https://reqres.in/#support-heading","text":"To keep ReqRes free, contributions towards server costs are appreciated!"}}

10:02:53.486 [GatlingSystem-akka.actor.default-dispatcher-11] INFO  com.intuit.karate - [print] {
  "data": {
    "last_name": "Weaver",
    "id": 2,
    "avatar": "https://reqres.in/img/faces/2-image.jpg",
    "first_name": "Janet",
    "email": "janet.weaver@reqres.in"
  },
  "support": {
    "text": "To keep ReqRes free, contributions towards server costs are appreciated!",
    "url": "https://reqres.in/#support-heading"
  }
}

10:02:53.508 [GatlingSystem-akka.actor.default-dispatcher-11] INFO  com.intuit.karate - karate.env system property was:  
10:02:53.516 [GatlingSystem-akka.actor.default-dispatcher-11] DEBUG com.intuit.karate - request:
1 > POST https://reqres.in/api/api/users
1 > Accept-Encoding: gzip,deflate
1 > Connection: Keep-Alive
1 > Content-Length: 34
1 > Content-Type: application/json; charset=UTF-8
1 > Host: reqres.in
1 > User-Agent: Apache-HttpClient/4.5.12 (Java/11.0.10)
{"name":"morpheus","job":"leader"}

10:02:53.525 [GatlingSystem-akka.actor.default-dispatcher-6] DEBUG com.intuit.karate - response time in milliseconds: 226.21
1 < 200
1 < Age: 1989
1 < CF-Cache-Status: HIT
1 < CF-RAY: 6a38b96309856f07-BOM
1 < Cache-Control: max-age=14400
1 < Connection: keep-alive
1 < Content-Type: application/json; charset=utf-8
1 < Date: Mon, 25 Oct 2021 04:32:59 GMT
1 < Expect-CT: max-age=604800, report-uri="https://report-uri.cloudflare.com/cdn-cgi/beacon/expect-ct"
1 < NEL: {"success_fraction":0,"report_to":"cf-nel","max_age":604800}
1 < Report-To: {"endpoints":[{"url":"https:\/\/a.nel.cloudflare.com\/report\/v3?s=lS8DC4%2ByWUP4w%2Bi272P5PFoXoJRpiZzuCV1yQoGc2OlmRzhBoKz%2FxFd3aFbN52EDm2Of%2BT%2BocuKrKIg9ELshG6wBXZSvjHKJyovkC%2F7CRdTfSztIreIbUAvKjto%3D"}],"group":"cf-nel","max_age":604800}
1 < Server: cloudflare
1 < Transfer-Encoding: chunked
1 < Vary: Accept-Encoding
1 < access-control-allow-origin: *
1 < alt-svc: h3=":443"; ma=86400, h3-29=":443"; ma=86400, h3-28=":443"; ma=86400, h3-27=":443"; ma=86400
1 < etag: W/"118-pbdwwFo9SKNhD3Lx5iHJyngpq00"
1 < via: 1.1 vegur
1 < x-powered-by: Express
{"data":{"id":2,"email":"janet.weaver@reqres.in","first_name":"Janet","last_name":"Weaver","avatar":"https://reqres.in/img/faces/2-image.jpg"},"support":{"url":"https://reqres.in/#support-heading","text":"To keep ReqRes free, contributions towards server costs are appreciated!"}}

10:02:53.528 [GatlingSystem-akka.actor.default-dispatcher-6] INFO  com.intuit.karate - [print] {
  "data": {
    "last_name": "Weaver",
    "id": 2,
    "avatar": "https://reqres.in/img/faces/2-image.jpg",
    "first_name": "Janet",
    "email": "janet.weaver@reqres.in"
  },
  "support": {
    "text": "To keep ReqRes free, contributions towards server costs are appreciated!",
    "url": "https://reqres.in/#support-heading"
  }
}

10:02:53.530 [GatlingSystem-akka.actor.default-dispatcher-7] DEBUG com.intuit.karate - response time in milliseconds: 464.43
1 < 201
1 < CF-Cache-Status: DYNAMIC
1 < CF-RAY: 6a38b9616b476e9a-BOM
1 < Connection: keep-alive
1 < Content-Length: 84
1 < Content-Type: application/json; charset=utf-8
1 < Date: Mon, 25 Oct 2021 04:32:59 GMT
1 < Expect-CT: max-age=604800, report-uri="https://report-uri.cloudflare.com/cdn-cgi/beacon/expect-ct"
1 < NEL: {"success_fraction":0,"report_to":"cf-nel","max_age":604800}
1 < Report-To: {"endpoints":[{"url":"https:\/\/a.nel.cloudflare.com\/report\/v3?s=cdUxbTOw59juim8QxuciSkuksK7VoEZ3K7%2BWo0RfjraLJWZ6sBAtNgowpiNgq6OSjyLlJYMAk%2FaXuxskE270jhYqXfEhFI6linAGsU3l90X4j2VXYRtxE8FVsXk%3D"}],"group":"cf-nel","max_age":604800}
1 < Server: cloudflare
1 < access-control-allow-origin: *
1 < alt-svc: h3=":443"; ma=86400, h3-29=":443"; ma=86400, h3-28=":443"; ma=86400, h3-27=":443"; ma=86400
1 < etag: W/"54-jnHKjazdBVXUG1vHBM9O8fr4vas"
1 < via: 1.1 vegur
1 < x-powered-by: Express
{"name":"morpheus","job":"leader","id":"613","createdAt":"2021-10-25T04:32:59.326Z"}

10:02:53.676 [GatlingSystem-akka.actor.default-dispatcher-7] INFO  com.intuit.karate - [print] {
  "createdAt": "2021-10-25T04:32:59.326Z",
  "name": "morpheus",
  "id": "613",
  "job": "leader"
}

10:02:53.554 [GatlingSystem-akka.actor.default-dispatcher-5] DEBUG com.intuit.karate - response time in milliseconds: 507.46
1 < 201
1 < CF-Cache-Status: DYNAMIC
1 < CF-RAY: 6a38b9618ff031dc-BOM
1 < Connection: keep-alive
1 < Content-Length: 84
1 < Content-Type: application/json; charset=utf-8
1 < Date: Mon, 25 Oct 2021 04:32:59 GMT
1 < Expect-CT: max-age=604800, report-uri="https://report-uri.cloudflare.com/cdn-cgi/beacon/expect-ct"
1 < NEL: {"success_fraction":0,"report_to":"cf-nel","max_age":604800}
1 < Report-To: {"endpoints":[{"url":"https:\/\/a.nel.cloudflare.com\/report\/v3?s=Hx5BsOIe4mtkXskwOO4oyZXrAExhMzK00VU2YAbBRpscSEPe4TpYSezNjh3yQ%2BsBEROh3EU9no%2FWt2IocN9JldVpdoIfJ41iBa0deZJnMdIF7HZct3L3rpi9kCE%3D"}],"group":"cf-nel","max_age":604800}
1 < Server: cloudflare
1 < access-control-allow-origin: *
1 < alt-svc: h3=":443"; ma=86400, h3-29=":443"; ma=86400, h3-28=":443"; ma=86400, h3-27=":443"; ma=86400
1 < etag: W/"54-VtRUCgE4/DynM1DSmcJ5q6F2q8A"
1 < via: 1.1 vegur
1 < x-powered-by: Express
{"name":"morpheus","job":"leader","id":"702","createdAt":"2021-10-25T04:32:59.346Z"}

10:02:53.678 [GatlingSystem-akka.actor.default-dispatcher-5] INFO  com.intuit.karate - [print] {
  "createdAt": "2021-10-25T04:32:59.346Z",
  "name": "morpheus",
  "id": "702",
  "job": "leader"
}

10:02:53.685 [GatlingSystem-akka.actor.default-dispatcher-6] INFO  com.intuit.karate - karate.env system property was:  
10:02:53.581 [GatlingSystem-akka.actor.default-dispatcher-10] DEBUG com.intuit.karate - response time in milliseconds: 522.07
1 < 201
1 < CF-Cache-Status: DYNAMIC
1 < CF-RAY: 6a38b9619d016f04-BOM
1 < Connection: keep-alive
1 < Content-Length: 84
1 < Content-Type: application/json; charset=utf-8
1 < Date: Mon, 25 Oct 2021 04:32:59 GMT
1 < Expect-CT: max-age=604800, report-uri="https://report-uri.cloudflare.com/cdn-cgi/beacon/expect-ct"
1 < NEL: {"success_fraction":0,"report_to":"cf-nel","max_age":604800}
1 < Report-To: {"endpoints":[{"url":"https:\/\/a.nel.cloudflare.com\/report\/v3?s=QNvoW8jBD5VObXEnDyVZOMyDA4Lp2lHWhnfpbAYKth6O9Z15tpsMoaBMXvb6QIXBlDFau%2Bdfo2tfnchUxxmPZQOoRTcPDFSnfEsfkeUjv3LmlrH6O8YaXw2HP0M%3D"}],"group":"cf-nel","max_age":604800}
1 < Server: cloudflare
1 < access-control-allow-origin: *
1 < alt-svc: h3=":443"; ma=86400, h3-29=":443"; ma=86400, h3-28=":443"; ma=86400, h3-27=":443"; ma=86400
1 < etag: W/"54-w5NrqHFPgRguym/pBDuTLIOEaCw"
1 < via: 1.1 vegur
1 < x-powered-by: Express
{"name":"morpheus","job":"leader","id":"864","createdAt":"2021-10-25T04:32:59.352Z"}

10:02:53.687 [GatlingSystem-akka.actor.default-dispatcher-10] INFO  com.intuit.karate - [print] {
  "createdAt": "2021-10-25T04:32:59.352Z",
  "name": "morpheus",
  "id": "864",
  "job": "leader"
}

10:02:53.688 [GatlingSystem-akka.actor.default-dispatcher-6] DEBUG com.intuit.karate - request:
1 > POST https://reqres.in/api/api/users
1 > Accept-Encoding: gzip,deflate
1 > Connection: Keep-Alive
1 > Content-Length: 34
1 > Content-Type: application/json; charset=UTF-8
1 > Host: reqres.in
1 > User-Agent: Apache-HttpClient/4.5.12 (Java/11.0.10)
{"name":"morpheus","job":"leader"}

10:02:53.618 [GatlingSystem-akka.actor.default-dispatcher-12] DEBUG com.intuit.karate - response time in milliseconds: 329.70
1 < 200
1 < Age: 1989
1 < CF-Cache-Status: HIT
1 < CF-RAY: 6a38b9632d476ef5-BOM
1 < Cache-Control: max-age=14400
1 < Connection: keep-alive
1 < Content-Type: application/json; charset=utf-8
1 < Date: Mon, 25 Oct 2021 04:32:59 GMT
1 < Expect-CT: max-age=604800, report-uri="https://report-uri.cloudflare.com/cdn-cgi/beacon/expect-ct"
1 < NEL: {"success_fraction":0,"report_to":"cf-nel","max_age":604800}
1 < Report-To: {"endpoints":[{"url":"https:\/\/a.nel.cloudflare.com\/report\/v3?s=kWtPGQfshkjIMrBK5z8TQ7983KwaYb9X7Kh7G16cAWnTBwECeGNwc8lCaJbHugCH7DxLOj4CHiKaP3HNej4Mtt3S6nclwCYj8FKH%2FMRll%2BkbyAH5ZZ2kixusSE0%3D"}],"group":"cf-nel","max_age":604800}
1 < Server: cloudflare
1 < Transfer-Encoding: chunked
1 < Vary: Accept-Encoding
1 < access-control-allow-origin: *
1 < alt-svc: h3=":443"; ma=86400, h3-29=":443"; ma=86400, h3-28=":443"; ma=86400, h3-27=":443"; ma=86400
1 < etag: W/"118-pbdwwFo9SKNhD3Lx5iHJyngpq00"
1 < via: 1.1 vegur
1 < x-powered-by: Express
{"data":{"id":2,"email":"janet.weaver@reqres.in","first_name":"Janet","last_name":"Weaver","avatar":"https://reqres.in/img/faces/2-image.jpg"},"support":{"url":"https://reqres.in/#support-heading","text":"To keep ReqRes free, contributions towards server costs are appreciated!"}}

10:02:53.787 [GatlingSystem-akka.actor.default-dispatcher-12] INFO  com.intuit.karate - [print] {
  "data": {
    "last_name": "Weaver",
    "id": 2,
    "avatar": "https://reqres.in/img/faces/2-image.jpg",
    "first_name": "Janet",
    "email": "janet.weaver@reqres.in"
  },
  "support": {
    "text": "To keep ReqRes free, contributions towards server costs are appreciated!",
    "url": "https://reqres.in/#support-heading"
  }
}

10:02:53.736 [GatlingSystem-akka.actor.default-dispatcher-5] INFO  com.intuit.karate - karate.env system property was:  
10:02:53.800 [GatlingSystem-akka.actor.default-dispatcher-12] INFO  com.intuit.karate - karate.env system property was:  
10:02:53.801 [GatlingSystem-akka.actor.default-dispatcher-5] DEBUG com.intuit.karate - request:
1 > GET https://reqres.in/api/users/2
1 > Accept-Encoding: gzip,deflate
1 > Connection: Keep-Alive
1 > Host: reqres.in
1 > User-Agent: Apache-HttpClient/4.5.12 (Java/11.0.10)

10:02:53.806 [GatlingSystem-akka.actor.default-dispatcher-12] DEBUG com.intuit.karate - request:
1 > POST https://reqres.in/api/api/users
1 > Accept-Encoding: gzip,deflate
1 > Connection: Keep-Alive
1 > Content-Length: 34
1 > Content-Type: application/json; charset=UTF-8
1 > Host: reqres.in
1 > User-Agent: Apache-HttpClient/4.5.12 (Java/11.0.10)
{"name":"morpheus","job":"leader"}

10:02:53.766 [GatlingSystem-akka.actor.default-dispatcher-9] DEBUG com.intuit.karate - response time in milliseconds: 473.40
1 < 201
1 < CF-Cache-Status: DYNAMIC
1 < CF-RAY: 6a38b962e961321d-BOM
1 < Connection: keep-alive
1 < Content-Length: 84
1 < Content-Type: application/json; charset=utf-8
1 < Date: Mon, 25 Oct 2021 04:32:59 GMT
1 < Expect-CT: max-age=604800, report-uri="https://report-uri.cloudflare.com/cdn-cgi/beacon/expect-ct"
1 < NEL: {"success_fraction":0,"report_to":"cf-nel","max_age":604800}
1 < Report-To: {"endpoints":[{"url":"https:\/\/a.nel.cloudflare.com\/report\/v3?s=umEddjPnnEK0VCCvRqMWnVvbcSvjZZS0D9GJfwepOqf4rJyigi%2BvLCHvUXmOirrq4%2BJbIN2lkXaRxuzsSPBVdRbNEcCxJR4%2BB90RMiHdZeRJtF%2Bawi0%2FpEDR9aA%3D"}],"group":"cf-nel","max_age":604800}
1 < Server: cloudflare
1 < access-control-allow-origin: *
1 < alt-svc: h3=":443"; ma=86400, h3-29=":443"; ma=86400, h3-28=":443"; ma=86400, h3-27=":443"; ma=86400
1 < etag: W/"54-cXOWIyQGWtBQIzTejJ3mKNEjG/Y"
1 < via: 1.1 vegur
1 < x-powered-by: Express
{"name":"morpheus","job":"leader","id":"462","createdAt":"2021-10-25T04:32:59.559Z"}

10:02:53.812 [GatlingSystem-akka.actor.default-dispatcher-9] INFO  com.intuit.karate - [print] {
  "createdAt": "2021-10-25T04:32:59.559Z",
  "name": "morpheus",
  "id": "462",
  "job": "leader"
}

10:02:53.770 [GatlingSystem-akka.actor.default-dispatcher-3] DEBUG com.intuit.karate - response time in milliseconds: 741.05
1 < 201
1 < CF-Cache-Status: DYNAMIC
1 < CF-RAY: 6a38b9616c9831d6-BOM
1 < Connection: keep-alive
1 < Content-Length: 84
1 < Content-Type: application/json; charset=utf-8
1 < Date: Mon, 25 Oct 2021 04:32:59 GMT
1 < Expect-CT: max-age=604800, report-uri="https://report-uri.cloudflare.com/cdn-cgi/beacon/expect-ct"
1 < NEL: {"success_fraction":0,"report_to":"cf-nel","max_age":604800}
1 < Report-To: {"endpoints":[{"url":"https:\/\/a.nel.cloudflare.com\/report\/v3?s=Xni4%2F5eE3M4KxyIANK%2FAwP9IK4QRb7SFKLeJNpUKGRadWTFp1eyorvAivvICt%2BxE9J2StDKytqnYm96JMINTGi9tjUY4PWrzr%2F04RhMuUTGFkM8HFOLn9ebJccs%3D"}],"group":"cf-nel","max_age":604800}
1 < Server: cloudflare
1 < access-control-allow-origin: *
1 < alt-svc: h3=":443"; ma=86400, h3-29=":443"; ma=86400, h3-28=":443"; ma=86400, h3-27=":443"; ma=86400
1 < etag: W/"54-ew9WLh7pQv8k0SMOhhKsgvEq0SY"
1 < via: 1.1 vegur
1 < x-powered-by: Express
{"name":"morpheus","job":"leader","id":"368","createdAt":"2021-10-25T04:32:59.319Z"}

10:02:54.005 [GatlingSystem-akka.actor.default-dispatcher-3] INFO  com.intuit.karate - [print] {
  "createdAt": "2021-10-25T04:32:59.319Z",
  "name": "morpheus",
  "id": "368",
  "job": "leader"
}

10:02:53.968 [GatlingSystem-akka.actor.default-dispatcher-11] DEBUG com.intuit.karate - response time in milliseconds: 449.37
1 < 201
1 < CF-Cache-Status: DYNAMIC
1 < CF-RAY: 6a38b9641b6d3188-BOM
1 < Connection: keep-alive
1 < Content-Length: 84
1 < Content-Type: application/json; charset=utf-8
1 < Date: Mon, 25 Oct 2021 04:32:59 GMT
1 < Expect-CT: max-age=604800, report-uri="https://report-uri.cloudflare.com/cdn-cgi/beacon/expect-ct"
1 < NEL: {"success_fraction":0,"report_to":"cf-nel","max_age":604800}
1 < Report-To: {"endpoints":[{"url":"https:\/\/a.nel.cloudflare.com\/report\/v3?s=fgmWYZ03rPExbIuZhX3EyU3FaylCYAKpu9Aa51S9%2F9dCSE4dJpt8QAOTcdKgWQnRH6Hf2ldag%2FCax9OGgmjNEOMvRyhEFiZ2MCr20veFWEzpnBj48NzkxDQ5aAw%3D"}],"group":"cf-nel","max_age":604800}
1 < Server: cloudflare
1 < access-control-allow-origin: *
1 < alt-svc: h3=":443"; ma=86400, h3-29=":443"; ma=86400, h3-28=":443"; ma=86400, h3-27=":443"; ma=86400
1 < etag: W/"54-aVdt80Mhv17aJ3DlS801I3kF8ok"
1 < via: 1.1 vegur
1 < x-powered-by: Express
{"name":"morpheus","job":"leader","id":"964","createdAt":"2021-10-25T04:32:59.752Z"}

10:02:53.969 [GatlingSystem-akka.actor.default-dispatcher-5] DEBUG com.intuit.karate - response time in milliseconds: 168.33
1 < 200
1 < Age: 1989
1 < CF-Cache-Status: HIT
1 < CF-RAY: 6a38b965edce0f28-BOM
1 < Cache-Control: max-age=14400
1 < Connection: keep-alive
1 < Content-Type: application/json; charset=utf-8
1 < Date: Mon, 25 Oct 2021 04:32:59 GMT
1 < Expect-CT: max-age=604800, report-uri="https://report-uri.cloudflare.com/cdn-cgi/beacon/expect-ct"
1 < NEL: {"success_fraction":0,"report_to":"cf-nel","max_age":604800}
1 < Report-To: {"endpoints":[{"url":"https:\/\/a.nel.cloudflare.com\/report\/v3?s=YLgoviWXo3f5jhfwZNBzlAy9xlHLtyS9EdQ95JYRNjC9gvV4SLtHDtaKXas%2FRo%2FCibhk7NqJp8FjtlM4%2FaCytskI2P2JIL8QKDhnP2atxVZas%2Fp1zUM2SesGPx4%3D"}],"group":"cf-nel","max_age":604800}
1 < Server: cloudflare
1 < Transfer-Encoding: chunked
1 < Vary: Accept-Encoding
1 < access-control-allow-origin: *
1 < alt-svc: h3=":443"; ma=86400, h3-29=":443"; ma=86400, h3-28=":443"; ma=86400, h3-27=":443"; ma=86400
1 < etag: W/"118-pbdwwFo9SKNhD3Lx5iHJyngpq00"
1 < via: 1.1 vegur
1 < x-powered-by: Express
{"data":{"id":2,"email":"janet.weaver@reqres.in","first_name":"Janet","last_name":"Weaver","avatar":"https://reqres.in/img/faces/2-image.jpg"},"support":{"url":"https://reqres.in/#support-heading","text":"To keep ReqRes free, contributions towards server costs are appreciated!"}}

10:02:54.034 [GatlingSystem-akka.actor.default-dispatcher-5] INFO  com.intuit.karate - [print] {
  "data": {
    "last_name": "Weaver",
    "id": 2,
    "avatar": "https://reqres.in/img/faces/2-image.jpg",
    "first_name": "Janet",
    "email": "janet.weaver@reqres.in"
  },
  "support": {
    "text": "To keep ReqRes free, contributions towards server costs are appreciated!",
    "url": "https://reqres.in/#support-heading"
  }
}

10:02:54.042 [GatlingSystem-akka.actor.default-dispatcher-11] INFO  com.intuit.karate - [print] {
  "createdAt": "2021-10-25T04:32:59.752Z",
  "name": "morpheus",
  "id": "964",
  "job": "leader"
}

10:02:54.061 [GatlingSystem-akka.actor.default-dispatcher-5] INFO  com.intuit.karate - karate.env system property was:  
10:02:54.068 [GatlingSystem-akka.actor.default-dispatcher-5] DEBUG com.intuit.karate - request:
1 > POST https://reqres.in/api/api/users
1 > Accept-Encoding: gzip,deflate
1 > Connection: Keep-Alive
1 > Content-Length: 34
1 > Content-Type: application/json; charset=UTF-8
1 > Host: reqres.in
1 > User-Agent: Apache-HttpClient/4.5.12 (Java/11.0.10)
{"name":"morpheus","job":"leader"}

10:02:54.226 [GatlingSystem-akka.actor.default-dispatcher-6] DEBUG com.intuit.karate - response time in milliseconds: 441.91
1 < 201
1 < CF-Cache-Status: DYNAMIC
1 < CF-RAY: 6a38b965bce26e8e-BOM
1 < Connection: keep-alive
1 < Content-Length: 84
1 < Content-Type: application/json; charset=utf-8
1 < Date: Mon, 25 Oct 2021 04:33:00 GMT
1 < Expect-CT: max-age=604800, report-uri="https://report-uri.cloudflare.com/cdn-cgi/beacon/expect-ct"
1 < NEL: {"success_fraction":0,"report_to":"cf-nel","max_age":604800}
1 < Report-To: {"endpoints":[{"url":"https:\/\/a.nel.cloudflare.com\/report\/v3?s=ena1iVOJS9ydPYSOKOdiL2hJUHXadL2iu0DPBzPrmjxMYHvUHARmb%2FVgq5W%2FWdIK9N%2BGZZXxDFiyW%2BLeat%2BNr2LV4bImSW1wCFFQIWn%2FeCkqnlfI4AVQpGDhrUU%3D"}],"group":"cf-nel","max_age":604800}
1 < Server: cloudflare
1 < access-control-allow-origin: *
1 < alt-svc: h3=":443"; ma=86400, h3-29=":443"; ma=86400, h3-28=":443"; ma=86400, h3-27=":443"; ma=86400
1 < etag: W/"54-rH3UcPbaFA7QvWPk3uqo4pvoXnU"
1 < via: 1.1 vegur
1 < x-powered-by: Express
{"name":"morpheus","job":"leader","id":"587","createdAt":"2021-10-25T04:33:00.014Z"}

10:02:54.228 [GatlingSystem-akka.actor.default-dispatcher-6] INFO  com.intuit.karate - [print] {
  "createdAt": "2021-10-25T04:33:00.014Z",
  "name": "morpheus",
  "id": "587",
  "job": "leader"
}

10:02:54.289 [GatlingSystem-akka.actor.default-dispatcher-12] DEBUG com.intuit.karate - response time in milliseconds: 481.64
1 < 201
1 < CF-Cache-Status: DYNAMIC
1 < CF-RAY: 6a38b9660aba2e70-BOM
1 < Connection: keep-alive
1 < Content-Length: 83
1 < Content-Type: application/json; charset=utf-8
1 < Date: Mon, 25 Oct 2021 04:33:00 GMT
1 < Expect-CT: max-age=604800, report-uri="https://report-uri.cloudflare.com/cdn-cgi/beacon/expect-ct"
1 < NEL: {"success_fraction":0,"report_to":"cf-nel","max_age":604800}
1 < Report-To: {"endpoints":[{"url":"https:\/\/a.nel.cloudflare.com\/report\/v3?s=%2FDeoaRznzldg%2BRJS2NJGYPu2Q09lzTHYeAEblhBSz9WKCNCADobbekh%2BBdQRAP0JEHrmIcgyeGBHBMxeLTAqjASKzdC6Vd3XmCYOd4OnCqSx5NpLL9AqpHVh6qo%3D"}],"group":"cf-nel","max_age":604800}
1 < Server: cloudflare
1 < access-control-allow-origin: *
1 < alt-svc: h3=":443"; ma=86400, h3-29=":443"; ma=86400, h3-28=":443"; ma=86400, h3-27=":443"; ma=86400
1 < etag: W/"53-lzNweTc2oUxZK4OiazD6j5igPYQ"
1 < via: 1.1 vegur
1 < x-powered-by: Express
{"name":"morpheus","job":"leader","id":"67","createdAt":"2021-10-25T04:33:00.060Z"}

10:02:54.290 [GatlingSystem-akka.actor.default-dispatcher-12] INFO  com.intuit.karate - [print] {
  "createdAt": "2021-10-25T04:33:00.060Z",
  "name": "morpheus",
  "id": "67",
  "job": "leader"
}

10:02:54.398 [GatlingSystem-akka.actor.default-dispatcher-4] INFO  com.intuit.karate - karate.env system property was:  
10:02:54.407 [GatlingSystem-akka.actor.default-dispatcher-4] DEBUG com.intuit.karate - request:
1 > GET https://reqres.in/api/users/2
1 > Accept-Encoding: gzip,deflate
1 > Connection: Keep-Alive
1 > Host: reqres.in
1 > User-Agent: Apache-HttpClient/4.5.12 (Java/11.0.10)

10:02:54.495 [GatlingSystem-akka.actor.default-dispatcher-5] DEBUG com.intuit.karate - response time in milliseconds: 426.32
1 < 201
1 < CF-Cache-Status: DYNAMIC
1 < CF-RAY: 6a38b96788ba0f28-BOM
1 < Connection: keep-alive
1 < Content-Length: 83
1 < Content-Type: application/json; charset=utf-8
1 < Date: Mon, 25 Oct 2021 04:33:00 GMT
1 < Expect-CT: max-age=604800, report-uri="https://report-uri.cloudflare.com/cdn-cgi/beacon/expect-ct"
1 < NEL: {"success_fraction":0,"report_to":"cf-nel","max_age":604800}
1 < Report-To: {"endpoints":[{"url":"https:\/\/a.nel.cloudflare.com\/report\/v3?s=HsOJMsi1hZIQqRRGNjm4gpXYG0jf6bcC4ETakkItWLH7gS3yXPc134jVWPUuj5w2D109NQ85lfzh80pdYMZB%2FngC0aLaWgyujs27ZXug3yBEwQaCmPaoPvTMpBg%3D"}],"group":"cf-nel","max_age":604800}
1 < Server: cloudflare
1 < access-control-allow-origin: *
1 < alt-svc: h3=":443"; ma=86400, h3-29=":443"; ma=86400, h3-28=":443"; ma=86400, h3-27=":443"; ma=86400
1 < etag: W/"53-gaRkQY726J94p4aBIm7xrQl9L+U"
1 < via: 1.1 vegur
1 < x-powered-by: Express
{"name":"morpheus","job":"leader","id":"91","createdAt":"2021-10-25T04:33:00.292Z"}

10:02:54.497 [GatlingSystem-akka.actor.default-dispatcher-5] INFO  com.intuit.karate - [print] {
  "createdAt": "2021-10-25T04:33:00.292Z",
  "name": "morpheus",
  "id": "91",
  "job": "leader"
}

10:02:54.576 [GatlingSystem-akka.actor.default-dispatcher-4] DEBUG com.intuit.karate - response time in milliseconds: 167.68
1 < 200
1 < Age: 1990
1 < CF-Cache-Status: HIT
1 < CF-RAY: 6a38b969bf466ee9-BOM
1 < Cache-Control: max-age=14400
1 < Connection: keep-alive
1 < Content-Type: application/json; charset=utf-8
1 < Date: Mon, 25 Oct 2021 04:33:00 GMT
1 < Expect-CT: max-age=604800, report-uri="https://report-uri.cloudflare.com/cdn-cgi/beacon/expect-ct"
1 < NEL: {"success_fraction":0,"report_to":"cf-nel","max_age":604800}
1 < Report-To: {"endpoints":[{"url":"https:\/\/a.nel.cloudflare.com\/report\/v3?s=c990y15vh8ZP85AU8l1KMsoRoquTYaeLUwKC6jpv6bBl3H%2B055ZuuelRUVrUvr6GcsSODosDaP5cWu3oLNSoY4UnYyIL%2FUroLiCP5FYiVk6TVMkdxjetJlcTWHQ%3D"}],"group":"cf-nel","max_age":604800}
1 < Server: cloudflare
1 < Transfer-Encoding: chunked
1 < Vary: Accept-Encoding
1 < access-control-allow-origin: *
1 < alt-svc: h3=":443"; ma=86400, h3-29=":443"; ma=86400, h3-28=":443"; ma=86400, h3-27=":443"; ma=86400
1 < etag: W/"118-pbdwwFo9SKNhD3Lx5iHJyngpq00"
1 < via: 1.1 vegur
1 < x-powered-by: Express
{"data":{"id":2,"email":"janet.weaver@reqres.in","first_name":"Janet","last_name":"Weaver","avatar":"https://reqres.in/img/faces/2-image.jpg"},"support":{"url":"https://reqres.in/#support-heading","text":"To keep ReqRes free, contributions towards server costs are appreciated!"}}

10:02:54.578 [GatlingSystem-akka.actor.default-dispatcher-4] INFO  com.intuit.karate - [print] {
  "data": {
    "last_name": "Weaver",
    "id": 2,
    "avatar": "https://reqres.in/img/faces/2-image.jpg",
    "first_name": "Janet",
    "email": "janet.weaver@reqres.in"
  },
  "support": {
    "text": "To keep ReqRes free, contributions towards server costs are appreciated!",
    "url": "https://reqres.in/#support-heading"
  }
}

10:02:54.591 [GatlingSystem-akka.actor.default-dispatcher-4] INFO  com.intuit.karate - karate.env system property was:  
10:02:54.595 [GatlingSystem-akka.actor.default-dispatcher-4] DEBUG com.intuit.karate - request:
1 > POST https://reqres.in/api/api/users
1 > Accept-Encoding: gzip,deflate
1 > Connection: Keep-Alive
1 > Content-Length: 34
1 > Content-Type: application/json; charset=UTF-8
1 > Host: reqres.in
1 > User-Agent: Apache-HttpClient/4.5.12 (Java/11.0.10)
{"name":"morpheus","job":"leader"}

10:02:54.743 [GatlingSystem-akka.actor.default-dispatcher-3] INFO  com.intuit.karate - karate.env system property was:  
10:02:54.746 [GatlingSystem-akka.actor.default-dispatcher-3] DEBUG com.intuit.karate - request:
1 > GET https://reqres.in/api/users/2
1 > Accept-Encoding: gzip,deflate
1 > Connection: Keep-Alive
1 > Host: reqres.in
1 > User-Agent: Apache-HttpClient/4.5.12 (Java/11.0.10)

10:02:54.927 [GatlingSystem-akka.actor.default-dispatcher-3] DEBUG com.intuit.karate - response time in milliseconds: 177.73
1 < 200
1 < Age: 1990
1 < CF-Cache-Status: HIT
1 < CF-RAY: 6a38b96bdab70dd0-BOM
1 < Cache-Control: max-age=14400
1 < Connection: keep-alive
1 < Content-Type: application/json; charset=utf-8
1 < Date: Mon, 25 Oct 2021 04:33:00 GMT
1 < Expect-CT: max-age=604800, report-uri="https://report-uri.cloudflare.com/cdn-cgi/beacon/expect-ct"
1 < NEL: {"success_fraction":0,"report_to":"cf-nel","max_age":604800}
1 < Report-To: {"endpoints":[{"url":"https:\/\/a.nel.cloudflare.com\/report\/v3?s=JIUWDhfUbhxZdHx3ygFZ0oyoLB8VrWJ%2FazDYTAsMlM%2Bs1H8dOhohGDOCthjvCL8PW0JLeVXIV%2FUYzdaXAWpZuTu6PgjZywJOLOvTOevsD353IV30zCNJhDzqhac%3D"}],"group":"cf-nel","max_age":604800}
1 < Server: cloudflare
1 < Transfer-Encoding: chunked
1 < Vary: Accept-Encoding
1 < access-control-allow-origin: *
1 < alt-svc: h3=":443"; ma=86400, h3-29=":443"; ma=86400, h3-28=":443"; ma=86400, h3-27=":443"; ma=86400
1 < etag: W/"118-pbdwwFo9SKNhD3Lx5iHJyngpq00"
1 < via: 1.1 vegur
1 < x-powered-by: Express
{"data":{"id":2,"email":"janet.weaver@reqres.in","first_name":"Janet","last_name":"Weaver","avatar":"https://reqres.in/img/faces/2-image.jpg"},"support":{"url":"https://reqres.in/#support-heading","text":"To keep ReqRes free, contributions towards server costs are appreciated!"}}

10:02:54.927 [GatlingSystem-akka.actor.default-dispatcher-3] INFO  com.intuit.karate - [print] {
  "data": {
    "last_name": "Weaver",
    "id": 2,
    "avatar": "https://reqres.in/img/faces/2-image.jpg",
    "first_name": "Janet",
    "email": "janet.weaver@reqres.in"
  },
  "support": {
    "text": "To keep ReqRes free, contributions towards server costs are appreciated!",
    "url": "https://reqres.in/#support-heading"
  }
}

10:02:54.940 [GatlingSystem-akka.actor.default-dispatcher-3] INFO  com.intuit.karate - karate.env system property was:  
10:02:54.945 [GatlingSystem-akka.actor.default-dispatcher-3] DEBUG com.intuit.karate - request:
1 > POST https://reqres.in/api/api/users
1 > Accept-Encoding: gzip,deflate
1 > Connection: Keep-Alive
1 > Content-Length: 34
1 > Content-Type: application/json; charset=UTF-8
1 > Host: reqres.in
1 > User-Agent: Apache-HttpClient/4.5.12 (Java/11.0.10)
{"name":"morpheus","job":"leader"}

10:02:55.014 [GatlingSystem-akka.actor.default-dispatcher-4] DEBUG com.intuit.karate - response time in milliseconds: 419.20
1 < 201
1 < CF-Cache-Status: DYNAMIC
1 < CF-RAY: 6a38b96abae26e9e-BOM
1 < Connection: keep-alive
1 < Content-Length: 84
1 < Content-Type: application/json; charset=utf-8
1 < Date: Mon, 25 Oct 2021 04:33:00 GMT
1 < Expect-CT: max-age=604800, report-uri="https://report-uri.cloudflare.com/cdn-cgi/beacon/expect-ct"
1 < NEL: {"success_fraction":0,"report_to":"cf-nel","max_age":604800}
1 < Report-To: {"endpoints":[{"url":"https:\/\/a.nel.cloudflare.com\/report\/v3?s=En3qPSQqGWcV5YtuFcXCWuAkEtn54J4BDZOJmv%2F0myl3E5HgsCUv26uJW9S08wVmM7V1YYLT8d9kRt3E590G7J8A76gfHebXUpEaeXVD%2BW%2BW%2BMU5%2B98BjAHjW%2BU%3D"}],"group":"cf-nel","max_age":604800}
1 < Server: cloudflare
1 < access-control-allow-origin: *
1 < alt-svc: h3=":443"; ma=86400, h3-29=":443"; ma=86400, h3-28=":443"; ma=86400, h3-27=":443"; ma=86400
1 < etag: W/"54-wPBN3u4xJpL3SVzC2o8/OBVC5Es"
1 < via: 1.1 vegur
1 < x-powered-by: Express
{"name":"morpheus","job":"leader","id":"174","createdAt":"2021-10-25T04:33:00.810Z"}

10:02:55.016 [GatlingSystem-akka.actor.default-dispatcher-4] INFO  com.intuit.karate - [print] {
  "createdAt": "2021-10-25T04:33:00.810Z",
  "name": "morpheus",
  "id": "174",
  "job": "leader"
}

10:02:55.230 [GatlingSystem-akka.actor.default-dispatcher-2] INFO  com.intuit.karate - karate.env system property was:  
10:02:55.230 [GatlingSystem-akka.actor.default-dispatcher-2] DEBUG com.intuit.karate - request:
1 > GET https://reqres.in/api/users/2
1 > Accept-Encoding: gzip,deflate
1 > Connection: Keep-Alive
1 > Host: reqres.in
1 > User-Agent: Apache-HttpClient/4.5.12 (Java/11.0.10)

10:02:55.384 [GatlingSystem-akka.actor.default-dispatcher-3] DEBUG com.intuit.karate - response time in milliseconds: 437.28
1 < 201
1 < CF-Cache-Status: DYNAMIC
1 < CF-RAY: 6a38b96cfa2c2e53-BOM
1 < Connection: keep-alive
1 < Content-Length: 84
1 < Content-Type: application/json; charset=utf-8
1 < Date: Mon, 25 Oct 2021 04:33:01 GMT
1 < Expect-CT: max-age=604800, report-uri="https://report-uri.cloudflare.com/cdn-cgi/beacon/expect-ct"
1 < NEL: {"success_fraction":0,"report_to":"cf-nel","max_age":604800}
1 < Report-To: {"endpoints":[{"url":"https:\/\/a.nel.cloudflare.com\/report\/v3?s=RNpocBkxy3rstX85CE7pskBzlGVxgeu1axtm3sasDM%2Bo52CcOlZkBkXdpE0MZQjlyUta33WxdHQiACgPXkmvZuV3JuyYeut%2BJGDtXdr2F1DR%2BKZhSeXPgdhY08s%3D"}],"group":"cf-nel","max_age":604800}
1 < Server: cloudflare
1 < access-control-allow-origin: *
1 < alt-svc: h3=":443"; ma=86400, h3-29=":443"; ma=86400, h3-28=":443"; ma=86400, h3-27=":443"; ma=86400
1 < etag: W/"54-QEY3vNzCt+fD4mY3056RyrVVJPQ"
1 < via: 1.1 vegur
1 < x-powered-by: Express
{"name":"morpheus","job":"leader","id":"978","createdAt":"2021-10-25T04:33:01.170Z"}

10:02:55.386 [GatlingSystem-akka.actor.default-dispatcher-3] INFO  com.intuit.karate - [print] {
  "createdAt": "2021-10-25T04:33:01.170Z",
  "name": "morpheus",
  "id": "978",
  "job": "leader"
}

10:02:55.395 [GatlingSystem-akka.actor.default-dispatcher-2] DEBUG com.intuit.karate - response time in milliseconds: 159.29
1 < 200
1 < Age: 1991
1 < CF-Cache-Status: HIT
1 < CF-RAY: 6a38b96ec88c0e28-BOM
1 < Cache-Control: max-age=14400
1 < Connection: keep-alive
1 < Content-Type: application/json; charset=utf-8
1 < Date: Mon, 25 Oct 2021 04:33:01 GMT
1 < Expect-CT: max-age=604800, report-uri="https://report-uri.cloudflare.com/cdn-cgi/beacon/expect-ct"
1 < NEL: {"success_fraction":0,"report_to":"cf-nel","max_age":604800}
1 < Report-To: {"endpoints":[{"url":"https:\/\/a.nel.cloudflare.com\/report\/v3?s=6ltLZDegxphmK5clYZujeQRDbRwrqF%2BEqmP4VvCWlHZraeNgzUrWaRnKo4K2LHsyIkjuaykOIuN693Gd3LhMmw33ChQ3rIr2bwg8mtnGJim72XGp6nGRCY3LBrI%3D"}],"group":"cf-nel","max_age":604800}
1 < Server: cloudflare
1 < Transfer-Encoding: chunked
1 < Vary: Accept-Encoding
1 < access-control-allow-origin: *
1 < alt-svc: h3=":443"; ma=86400, h3-29=":443"; ma=86400, h3-28=":443"; ma=86400, h3-27=":443"; ma=86400
1 < etag: W/"118-pbdwwFo9SKNhD3Lx5iHJyngpq00"
1 < via: 1.1 vegur
1 < x-powered-by: Express
{"data":{"id":2,"email":"janet.weaver@reqres.in","first_name":"Janet","last_name":"Weaver","avatar":"https://reqres.in/img/faces/2-image.jpg"},"support":{"url":"https://reqres.in/#support-heading","text":"To keep ReqRes free, contributions towards server costs are appreciated!"}}

10:02:55.395 [GatlingSystem-akka.actor.default-dispatcher-2] INFO  com.intuit.karate - [print] {
  "data": {
    "last_name": "Weaver",
    "id": 2,
    "avatar": "https://reqres.in/img/faces/2-image.jpg",
    "first_name": "Janet",
    "email": "janet.weaver@reqres.in"
  },
  "support": {
    "text": "To keep ReqRes free, contributions towards server costs are appreciated!",
    "url": "https://reqres.in/#support-heading"
  }
}

10:02:55.411 [GatlingSystem-akka.actor.default-dispatcher-2] INFO  com.intuit.karate - karate.env system property was:  
10:02:55.414 [GatlingSystem-akka.actor.default-dispatcher-2] DEBUG com.intuit.karate - request:
1 > POST https://reqres.in/api/api/users
1 > Accept-Encoding: gzip,deflate
1 > Connection: Keep-Alive
1 > Content-Length: 34
1 > Content-Type: application/json; charset=UTF-8
1 > Host: reqres.in
1 > User-Agent: Apache-HttpClient/4.5.12 (Java/11.0.10)
{"name":"morpheus","job":"leader"}

10:02:55.819 [GatlingSystem-akka.actor.default-dispatcher-13] INFO  com.intuit.karate - karate.env system property was:  
10:02:55.826 [GatlingSystem-akka.actor.default-dispatcher-13] DEBUG com.intuit.karate - request:
1 > GET https://reqres.in/api/users/2
1 > Accept-Encoding: gzip,deflate
1 > Connection: Keep-Alive
1 > Host: reqres.in
1 > User-Agent: Apache-HttpClient/4.5.12 (Java/11.0.10)

10:02:55.833 [GatlingSystem-akka.actor.default-dispatcher-2] DEBUG com.intuit.karate - response time in milliseconds: 417.45
1 < 201
1 < CF-Cache-Status: DYNAMIC
1 < CF-RAY: 6a38b96fcbae0e00-BOM
1 < Connection: keep-alive
1 < Content-Length: 84
1 < Content-Type: application/json; charset=utf-8
1 < Date: Mon, 25 Oct 2021 04:33:01 GMT
1 < Expect-CT: max-age=604800, report-uri="https://report-uri.cloudflare.com/cdn-cgi/beacon/expect-ct"
1 < NEL: {"success_fraction":0,"report_to":"cf-nel","max_age":604800}
1 < Report-To: {"endpoints":[{"url":"https:\/\/a.nel.cloudflare.com\/report\/v3?s=7%2FLBUcjoztz3PZf7gvYnNfBLpLrDwb8kZ%2F2MaoZz5XpcWE%2BuI5OtZh5IQTRYqv3rlI2yHV2ghCbv%2F8SfN%2BOcF5P1FnxLs8ZuItagxMtu9UE7xHTbzcV2J12gOnY%3D"}],"group":"cf-nel","max_age":604800}
1 < Server: cloudflare
1 < access-control-allow-origin: *
1 < alt-svc: h3=":443"; ma=86400, h3-29=":443"; ma=86400, h3-28=":443"; ma=86400, h3-27=":443"; ma=86400
1 < etag: W/"54-4LBHIv371zCfQms3OtSUFa5GFcQ"
1 < via: 1.1 vegur
1 < x-powered-by: Express
{"name":"morpheus","job":"leader","id":"234","createdAt":"2021-10-25T04:33:01.624Z"}

10:02:55.834 [GatlingSystem-akka.actor.default-dispatcher-2] INFO  com.intuit.karate - [print] {
  "createdAt": "2021-10-25T04:33:01.624Z",
  "name": "morpheus",
  "id": "234",
  "job": "leader"
}

10:02:56.013 [GatlingSystem-akka.actor.default-dispatcher-13] DEBUG com.intuit.karate - response time in milliseconds: 185.41
1 < 200
1 < Age: 1991
1 < CF-Cache-Status: HIT
1 < CF-RAY: 6a38b972ac76318e-BOM
1 < Cache-Control: max-age=14400
1 < Connection: keep-alive
1 < Content-Type: application/json; charset=utf-8
1 < Date: Mon, 25 Oct 2021 04:33:01 GMT
1 < Expect-CT: max-age=604800, report-uri="https://report-uri.cloudflare.com/cdn-cgi/beacon/expect-ct"
1 < NEL: {"success_fraction":0,"report_to":"cf-nel","max_age":604800}
1 < Report-To: {"endpoints":[{"url":"https:\/\/a.nel.cloudflare.com\/report\/v3?s=8%2B4%2BNYb9%2FOxKgIpZmDdyof37Jnv4moBf6Iexz%2BC0oO9qqkQTXqrduC2ROG%2BPOo48v5Q1NpA13vgxOMstU2wyhnGzkLS9N2o6dx%2FeO8F8mR4i7uFzwsf6Uw9o9uI%3D"}],"group":"cf-nel","max_age":604800}
1 < Server: cloudflare
1 < Transfer-Encoding: chunked
1 < Vary: Accept-Encoding
1 < access-control-allow-origin: *
1 < alt-svc: h3=":443"; ma=86400, h3-29=":443"; ma=86400, h3-28=":443"; ma=86400, h3-27=":443"; ma=86400
1 < etag: W/"118-pbdwwFo9SKNhD3Lx5iHJyngpq00"
1 < via: 1.1 vegur
1 < x-powered-by: Express
{"data":{"id":2,"email":"janet.weaver@reqres.in","first_name":"Janet","last_name":"Weaver","avatar":"https://reqres.in/img/faces/2-image.jpg"},"support":{"url":"https://reqres.in/#support-heading","text":"To keep ReqRes free, contributions towards server costs are appreciated!"}}

10:02:56.014 [GatlingSystem-akka.actor.default-dispatcher-13] INFO  com.intuit.karate - [print] {
  "data": {
    "last_name": "Weaver",
    "id": 2,
    "avatar": "https://reqres.in/img/faces/2-image.jpg",
    "first_name": "Janet",
    "email": "janet.weaver@reqres.in"
  },
  "support": {
    "text": "To keep ReqRes free, contributions towards server costs are appreciated!",
    "url": "https://reqres.in/#support-heading"
  }
}

10:02:56.027 [GatlingSystem-akka.actor.default-dispatcher-13] INFO  com.intuit.karate - karate.env system property was:  
10:02:56.028 [GatlingSystem-akka.actor.default-dispatcher-13] DEBUG com.intuit.karate - request:
1 > POST https://reqres.in/api/api/users
1 > Accept-Encoding: gzip,deflate
1 > Connection: Keep-Alive
1 > Content-Length: 34
1 > Content-Type: application/json; charset=UTF-8
1 > Host: reqres.in
1 > User-Agent: Apache-HttpClient/4.5.12 (Java/11.0.10)
{"name":"morpheus","job":"leader"}

10:02:56.225 [GatlingSystem-akka.actor.default-dispatcher-10] INFO  com.intuit.karate - karate.env system property was:  
10:02:56.231 [GatlingSystem-akka.actor.default-dispatcher-10] DEBUG com.intuit.karate - request:
1 > GET https://reqres.in/api/users/2
1 > Accept-Encoding: gzip,deflate
1 > Connection: Keep-Alive
1 > Host: reqres.in
1 > User-Agent: Apache-HttpClient/4.5.12 (Java/11.0.10)

10:02:56.381 [GatlingSystem-akka.actor.default-dispatcher-10] DEBUG com.intuit.karate - response time in milliseconds: 149.04
1 < 200
1 < Age: 1992
1 < CF-Cache-Status: HIT
1 < CF-RAY: 6a38b974f8fe6ef4-BOM
1 < Cache-Control: max-age=14400
1 < Connection: keep-alive
1 < Content-Type: application/json; charset=utf-8
1 < Date: Mon, 25 Oct 2021 04:33:02 GMT
1 < Expect-CT: max-age=604800, report-uri="https://report-uri.cloudflare.com/cdn-cgi/beacon/expect-ct"
1 < NEL: {"success_fraction":0,"report_to":"cf-nel","max_age":604800}
1 < Report-To: {"endpoints":[{"url":"https:\/\/a.nel.cloudflare.com\/report\/v3?s=aCA2wmXzl1yBgdIcgpbSp9z%2BLiadtuUVCROFZ1D2YQA5gqjiLAhBP%2FXFkK%2FvwjeRmY0DG3Gb8Evu09EhHWNXJVD5swtWHzt5kiWuRAelnKulFYt8ypuxUris8oA%3D"}],"group":"cf-nel","max_age":604800}
1 < Server: cloudflare
1 < Transfer-Encoding: chunked
1 < Vary: Accept-Encoding
1 < access-control-allow-origin: *
1 < alt-svc: h3=":443"; ma=86400, h3-29=":443"; ma=86400, h3-28=":443"; ma=86400, h3-27=":443"; ma=86400
1 < etag: W/"118-pbdwwFo9SKNhD3Lx5iHJyngpq00"
1 < via: 1.1 vegur
1 < x-powered-by: Express
{"data":{"id":2,"email":"janet.weaver@reqres.in","first_name":"Janet","last_name":"Weaver","avatar":"https://reqres.in/img/faces/2-image.jpg"},"support":{"url":"https://reqres.in/#support-heading","text":"To keep ReqRes free, contributions towards server costs are appreciated!"}}

10:02:56.385 [GatlingSystem-akka.actor.default-dispatcher-10] INFO  com.intuit.karate - [print] {
  "data": {
    "last_name": "Weaver",
    "id": 2,
    "avatar": "https://reqres.in/img/faces/2-image.jpg",
    "first_name": "Janet",
    "email": "janet.weaver@reqres.in"
  },
  "support": {
    "text": "To keep ReqRes free, contributions towards server costs are appreciated!",
    "url": "https://reqres.in/#support-heading"
  }
}

10:02:56.442 [GatlingSystem-akka.actor.default-dispatcher-13] DEBUG com.intuit.karate - response time in milliseconds: 410.59
1 < 201
1 < CF-Cache-Status: DYNAMIC
1 < CF-RAY: 6a38b973a9d92e47-BOM
1 < Connection: keep-alive
1 < Content-Length: 84
1 < Content-Type: application/json; charset=utf-8
1 < Date: Mon, 25 Oct 2021 04:33:02 GMT
1 < Expect-CT: max-age=604800, report-uri="https://report-uri.cloudflare.com/cdn-cgi/beacon/expect-ct"
1 < NEL: {"success_fraction":0,"report_to":"cf-nel","max_age":604800}
1 < Report-To: {"endpoints":[{"url":"https:\/\/a.nel.cloudflare.com\/report\/v3?s=3G2v%2FsW4md7eB%2BYSywzqci6fvN%2FZn5UfNuweojZUhNCzIUrdzlno4f2fazF%2B%2BQ%2BmUgyvlE4ViO0UEK71URCdYdY4fo%2FK8hlZH3GFB8D9H9KxaEnwlw7SFibcuSk%3D"}],"group":"cf-nel","max_age":604800}
1 < Server: cloudflare
1 < access-control-allow-origin: *
1 < alt-svc: h3=":443"; ma=86400, h3-29=":443"; ma=86400, h3-28=":443"; ma=86400, h3-27=":443"; ma=86400
1 < etag: W/"54-w1qeaT6F/bffS6K4BEYG/9R3X6c"
1 < via: 1.1 vegur
1 < x-powered-by: Express
{"name":"morpheus","job":"leader","id":"974","createdAt":"2021-10-25T04:33:02.237Z"}

10:02:56.445 [GatlingSystem-akka.actor.default-dispatcher-13] INFO  com.intuit.karate - [print] {
  "createdAt": "2021-10-25T04:33:02.237Z",
  "name": "morpheus",
  "id": "974",
  "job": "leader"
}

10:02:56.445 [GatlingSystem-akka.actor.default-dispatcher-10] INFO  com.intuit.karate - karate.env system property was:  
10:02:56.452 [GatlingSystem-akka.actor.default-dispatcher-10] DEBUG com.intuit.karate - request:
1 > POST https://reqres.in/api/api/users
1 > Accept-Encoding: gzip,deflate
1 > Connection: Keep-Alive
1 > Content-Length: 34
1 > Content-Type: application/json; charset=UTF-8
1 > Host: reqres.in
1 > User-Agent: Apache-HttpClient/4.5.12 (Java/11.0.10)
{"name":"morpheus","job":"leader"}

10:02:56.719 [GatlingSystem-akka.actor.default-dispatcher-3] INFO  com.intuit.karate - karate.env system property was:  
10:02:56.725 [GatlingSystem-akka.actor.default-dispatcher-3] DEBUG com.intuit.karate - request:
1 > GET https://reqres.in/api/users/2
1 > Accept-Encoding: gzip,deflate
1 > Connection: Keep-Alive
1 > Host: reqres.in
1 > User-Agent: Apache-HttpClient/4.5.12 (Java/11.0.10)

10:02:56.887 [GatlingSystem-akka.actor.default-dispatcher-10] DEBUG com.intuit.karate - response time in milliseconds: 434.35
1 < 201
1 < CF-Cache-Status: DYNAMIC
1 < CF-RAY: 6a38b9765e442e39-BOM
1 < Connection: keep-alive
1 < Content-Length: 84
1 < Content-Type: application/json; charset=utf-8
1 < Date: Mon, 25 Oct 2021 04:33:02 GMT
1 < Expect-CT: max-age=604800, report-uri="https://report-uri.cloudflare.com/cdn-cgi/beacon/expect-ct"
1 < NEL: {"success_fraction":0,"report_to":"cf-nel","max_age":604800}
1 < Report-To: {"endpoints":[{"url":"https:\/\/a.nel.cloudflare.com\/report\/v3?s=hMoDnmO8Zc1FNOWypuF8EaoU2xfZY%2BNMQhk%2BEGME74XnIVuakSe2DlXeB8aI1ha9eg%2FRqmaUqEi1l32Y6LrTsCUaRoRsiMq%2FAAv7LtddgvPzzbi8u5GDPFUz6Lc%3D"}],"group":"cf-nel","max_age":604800}
1 < Server: cloudflare
1 < access-control-allow-origin: *
1 < alt-svc: h3=":443"; ma=86400, h3-29=":443"; ma=86400, h3-28=":443"; ma=86400, h3-27=":443"; ma=86400
1 < etag: W/"54-LZC1tPSjwXoPo0eXGkZnK2u6BOM"
1 < via: 1.1 vegur
1 < x-powered-by: Express
{"name":"morpheus","job":"leader","id":"314","createdAt":"2021-10-25T04:33:02.688Z"}

10:02:56.888 [GatlingSystem-akka.actor.default-dispatcher-10] INFO  com.intuit.karate - [print] {
  "createdAt": "2021-10-25T04:33:02.688Z",
  "name": "morpheus",
  "id": "314",
  "job": "leader"
}

10:02:56.910 [GatlingSystem-akka.actor.default-dispatcher-3] DEBUG com.intuit.karate - response time in milliseconds: 186.50
1 < 200
1 < Age: 1992
1 < CF-Cache-Status: HIT
1 < CF-RAY: 6a38b9784cf96ed4-BOM
1 < Cache-Control: max-age=14400
1 < Connection: keep-alive
1 < Content-Type: application/json; charset=utf-8
1 < Date: Mon, 25 Oct 2021 04:33:02 GMT
1 < Expect-CT: max-age=604800, report-uri="https://report-uri.cloudflare.com/cdn-cgi/beacon/expect-ct"
1 < NEL: {"success_fraction":0,"report_to":"cf-nel","max_age":604800}
1 < Report-To: {"endpoints":[{"url":"https:\/\/a.nel.cloudflare.com\/report\/v3?s=UM0LlLvPKcjhj0833IWU6mu%2BKRdzuttvcNwHh4xzQSZlhqNNIHzGqQ%2BDe0ooaYjaQ5UlvWQUpythq1aktfeC1hgLHChpyyegnmqmshwVNs4KQUtcATswioZonx8%3D"}],"group":"cf-nel","max_age":604800}
1 < Server: cloudflare
1 < Transfer-Encoding: chunked
1 < Vary: Accept-Encoding
1 < access-control-allow-origin: *
1 < alt-svc: h3=":443"; ma=86400, h3-29=":443"; ma=86400, h3-28=":443"; ma=86400, h3-27=":443"; ma=86400
1 < etag: W/"118-pbdwwFo9SKNhD3Lx5iHJyngpq00"
1 < via: 1.1 vegur
1 < x-powered-by: Express
{"data":{"id":2,"email":"janet.weaver@reqres.in","first_name":"Janet","last_name":"Weaver","avatar":"https://reqres.in/img/faces/2-image.jpg"},"support":{"url":"https://reqres.in/#support-heading","text":"To keep ReqRes free, contributions towards server costs are appreciated!"}}

10:02:56.910 [GatlingSystem-akka.actor.default-dispatcher-3] INFO  com.intuit.karate - [print] {
  "data": {
    "last_name": "Weaver",
    "id": 2,
    "avatar": "https://reqres.in/img/faces/2-image.jpg",
    "first_name": "Janet",
    "email": "janet.weaver@reqres.in"
  },
  "support": {
    "text": "To keep ReqRes free, contributions towards server costs are appreciated!",
    "url": "https://reqres.in/#support-heading"
  }
}

10:02:56.924 [GatlingSystem-akka.actor.default-dispatcher-3] INFO  com.intuit.karate - karate.env system property was:  
10:02:56.927 [GatlingSystem-akka.actor.default-dispatcher-3] DEBUG com.intuit.karate - request:
1 > POST https://reqres.in/api/api/users
1 > Accept-Encoding: gzip,deflate
1 > Connection: Keep-Alive
1 > Content-Length: 34
1 > Content-Type: application/json; charset=UTF-8
1 > Host: reqres.in
1 > User-Agent: Apache-HttpClient/4.5.12 (Java/11.0.10)
{"name":"morpheus","job":"leader"}

10:02:57.229 [GatlingSystem-akka.actor.default-dispatcher-9] INFO  com.intuit.karate - karate.env system property was:  
10:02:57.234 [GatlingSystem-akka.actor.default-dispatcher-9] DEBUG com.intuit.karate - request:
1 > GET https://reqres.in/api/users/2
1 > Accept-Encoding: gzip,deflate
1 > Connection: Keep-Alive
1 > Host: reqres.in
1 > User-Agent: Apache-HttpClient/4.5.12 (Java/11.0.10)

10:02:57.376 [GatlingSystem-akka.actor.default-dispatcher-3] DEBUG com.intuit.karate - response time in milliseconds: 448.57
1 < 201
1 < CF-Cache-Status: DYNAMIC
1 < CF-RAY: 6a38b97979eb2e47-BOM
1 < Connection: keep-alive
1 < Content-Length: 84
1 < Content-Type: application/json; charset=utf-8
1 < Date: Mon, 25 Oct 2021 04:33:03 GMT
1 < Expect-CT: max-age=604800, report-uri="https://report-uri.cloudflare.com/cdn-cgi/beacon/expect-ct"
1 < NEL: {"success_fraction":0,"report_to":"cf-nel","max_age":604800}
1 < Report-To: {"endpoints":[{"url":"https:\/\/a.nel.cloudflare.com\/report\/v3?s=TmJYQyIfL7nvPDdem5zdpFGziSLcbNXqetbAUdMR0hyZrU95P2aWzyHjpOeZ93aZUOBKLCffvIUu12npbWMYDBxpqzr9cs0VvLmqlBlhxknGuWLpYppVlWOn2%2BM%3D"}],"group":"cf-nel","max_age":604800}
1 < Server: cloudflare
1 < access-control-allow-origin: *
1 < alt-svc: h3=":443"; ma=86400, h3-29=":443"; ma=86400, h3-28=":443"; ma=86400, h3-27=":443"; ma=86400
1 < etag: W/"54-pRjuiqinHp9g0ar1wtJ2iXrG6dU"
1 < via: 1.1 vegur
1 < x-powered-by: Express
{"name":"morpheus","job":"leader","id":"788","createdAt":"2021-10-25T04:33:03.174Z"}

10:02:57.376 [GatlingSystem-akka.actor.default-dispatcher-3] INFO  com.intuit.karate - [print] {
  "createdAt": "2021-10-25T04:33:03.174Z",
  "name": "morpheus",
  "id": "788",
  "job": "leader"
}

10:02:57.396 [GatlingSystem-akka.actor.default-dispatcher-9] DEBUG com.intuit.karate - response time in milliseconds: 161.01
1 < 200
1 < Age: 1993
1 < CF-Cache-Status: HIT
1 < CF-RAY: 6a38b97b5fda2e41-BOM
1 < Cache-Control: max-age=14400
1 < Connection: keep-alive
1 < Content-Type: application/json; charset=utf-8
1 < Date: Mon, 25 Oct 2021 04:33:03 GMT
1 < Expect-CT: max-age=604800, report-uri="https://report-uri.cloudflare.com/cdn-cgi/beacon/expect-ct"
1 < NEL: {"success_fraction":0,"report_to":"cf-nel","max_age":604800}
1 < Report-To: {"endpoints":[{"url":"https:\/\/a.nel.cloudflare.com\/report\/v3?s=B%2B9r7t%2FcgZPogbWHDuPWjH9L4D3%2BE4kduoI0S5cmw1ppcbGDwfVbWd4vCWbJe89rAh92iH2j4JOTEAy38woPa%2BitzyYe5MseDkiNgHpsHe%2B0%2F4l%2FGHwsz4oIhyw%3D"}],"group":"cf-nel","max_age":604800}
1 < Server: cloudflare
1 < Transfer-Encoding: chunked
1 < Vary: Accept-Encoding
1 < access-control-allow-origin: *
1 < alt-svc: h3=":443"; ma=86400, h3-29=":443"; ma=86400, h3-28=":443"; ma=86400, h3-27=":443"; ma=86400
1 < etag: W/"118-pbdwwFo9SKNhD3Lx5iHJyngpq00"
1 < via: 1.1 vegur
1 < x-powered-by: Express
{"data":{"id":2,"email":"janet.weaver@reqres.in","first_name":"Janet","last_name":"Weaver","avatar":"https://reqres.in/img/faces/2-image.jpg"},"support":{"url":"https://reqres.in/#support-heading","text":"To keep ReqRes free, contributions towards server costs are appreciated!"}}

10:02:57.397 [GatlingSystem-akka.actor.default-dispatcher-9] INFO  com.intuit.karate - [print] {
  "data": {
    "last_name": "Weaver",
    "id": 2,
    "avatar": "https://reqres.in/img/faces/2-image.jpg",
    "first_name": "Janet",
    "email": "janet.weaver@reqres.in"
  },
  "support": {
    "text": "To keep ReqRes free, contributions towards server costs are appreciated!",
    "url": "https://reqres.in/#support-heading"
  }
}

10:02:57.419 [GatlingSystem-akka.actor.default-dispatcher-9] INFO  com.intuit.karate - karate.env system property was:  
10:02:57.434 [GatlingSystem-akka.actor.default-dispatcher-9] DEBUG com.intuit.karate - request:
1 > POST https://reqres.in/api/api/users
1 > Accept-Encoding: gzip,deflate
1 > Connection: Keep-Alive
1 > Content-Length: 34
1 > Content-Type: application/json; charset=UTF-8
1 > Host: reqres.in
1 > User-Agent: Apache-HttpClient/4.5.12 (Java/11.0.10)
{"name":"morpheus","job":"leader"}

10:02:57.749 [GatlingSystem-akka.actor.default-dispatcher-8] INFO  com.intuit.karate - karate.env system property was:  
10:02:57.750 [GatlingSystem-akka.actor.default-dispatcher-8] DEBUG com.intuit.karate - request:
1 > GET https://reqres.in/api/users/2
1 > Accept-Encoding: gzip,deflate
1 > Connection: Keep-Alive
1 > Host: reqres.in
1 > User-Agent: Apache-HttpClient/4.5.12 (Java/11.0.10)

10:02:57.868 [GatlingSystem-akka.actor.default-dispatcher-9] DEBUG com.intuit.karate - response time in milliseconds: 433.64
1 < 201
1 < CF-Cache-Status: DYNAMIC
1 < CF-RAY: 6a38b97c8bcc3218-BOM
1 < Connection: keep-alive
1 < Content-Length: 84
1 < Content-Type: application/json; charset=utf-8
1 < Date: Mon, 25 Oct 2021 04:33:03 GMT
1 < Expect-CT: max-age=604800, report-uri="https://report-uri.cloudflare.com/cdn-cgi/beacon/expect-ct"
1 < NEL: {"success_fraction":0,"report_to":"cf-nel","max_age":604800}
1 < Report-To: {"endpoints":[{"url":"https:\/\/a.nel.cloudflare.com\/report\/v3?s=3C5AlRmLvVeFHinXWNJw%2FWkqV5zCxJz3AdJovg8p%2FhK%2F1ftSAgr0DjiRDmn1Hp%2FSDbCvDDmjQvwGmBNA7N71JhKWmsowo%2BnzBm14QbmFJInyzXJsXeBoNZ1z8D4%3D"}],"group":"cf-nel","max_age":604800}
1 < Server: cloudflare
1 < access-control-allow-origin: *
1 < alt-svc: h3=":443"; ma=86400, h3-29=":443"; ma=86400, h3-28=":443"; ma=86400, h3-27=":443"; ma=86400
1 < etag: W/"54-l7IPN6iRJ1gAJPZX7apGO89ZFx4"
1 < via: 1.1 vegur
1 < x-powered-by: Express
{"name":"morpheus","job":"leader","id":"168","createdAt":"2021-10-25T04:33:03.664Z"}

10:02:57.869 [GatlingSystem-akka.actor.default-dispatcher-9] INFO  com.intuit.karate - [print] {
  "createdAt": "2021-10-25T04:33:03.664Z",
  "name": "morpheus",
  "id": "168",
  "job": "leader"
}

10:02:57.895 [GatlingSystem-akka.actor.default-dispatcher-8] DEBUG com.intuit.karate - response time in milliseconds: 139.73
1 < 200
1 < Age: 1993
1 < CF-Cache-Status: HIT
1 < CF-RAY: 6a38b97e78712e34-BOM
1 < Cache-Control: max-age=14400
1 < Connection: keep-alive
1 < Content-Type: application/json; charset=utf-8
1 < Date: Mon, 25 Oct 2021 04:33:03 GMT
1 < Expect-CT: max-age=604800, report-uri="https://report-uri.cloudflare.com/cdn-cgi/beacon/expect-ct"
1 < NEL: {"success_fraction":0,"report_to":"cf-nel","max_age":604800}
1 < Report-To: {"endpoints":[{"url":"https:\/\/a.nel.cloudflare.com\/report\/v3?s=cSm211couTEtM2SkHcHZYc1zhA7nl7eC2h60UWjwftKmFxaO49dAoPIEXDScS%2BKnPRwv8WpoY4W6V85Z7V4rdxUsD4w64a%2FZrzbXRwwhfsK29aMSTCB4o7yUHM4%3D"}],"group":"cf-nel","max_age":604800}
1 < Server: cloudflare
1 < Transfer-Encoding: chunked
1 < Vary: Accept-Encoding
1 < access-control-allow-origin: *
1 < alt-svc: h3=":443"; ma=86400, h3-29=":443"; ma=86400, h3-28=":443"; ma=86400, h3-27=":443"; ma=86400
1 < etag: W/"118-pbdwwFo9SKNhD3Lx5iHJyngpq00"
1 < via: 1.1 vegur
1 < x-powered-by: Express
{"data":{"id":2,"email":"janet.weaver@reqres.in","first_name":"Janet","last_name":"Weaver","avatar":"https://reqres.in/img/faces/2-image.jpg"},"support":{"url":"https://reqres.in/#support-heading","text":"To keep ReqRes free, contributions towards server costs are appreciated!"}}

10:02:57.896 [GatlingSystem-akka.actor.default-dispatcher-8] INFO  com.intuit.karate - [print] {
  "data": {
    "last_name": "Weaver",
    "id": 2,
    "avatar": "https://reqres.in/img/faces/2-image.jpg",
    "first_name": "Janet",
    "email": "janet.weaver@reqres.in"
  },
  "support": {
    "text": "To keep ReqRes free, contributions towards server costs are appreciated!",
    "url": "https://reqres.in/#support-heading"
  }
}

10:02:57.908 [GatlingSystem-akka.actor.default-dispatcher-8] INFO  com.intuit.karate - karate.env system property was:  
10:02:57.912 [GatlingSystem-akka.actor.default-dispatcher-8] DEBUG com.intuit.karate - request:
1 > POST https://reqres.in/api/api/users
1 > Accept-Encoding: gzip,deflate
1 > Connection: Keep-Alive
1 > Content-Length: 34
1 > Content-Type: application/json; charset=UTF-8
1 > Host: reqres.in
1 > User-Agent: Apache-HttpClient/4.5.12 (Java/11.0.10)
{"name":"morpheus","job":"leader"}

10:02:58.226 [GatlingSystem-akka.actor.default-dispatcher-4] INFO  i.g.core.controller.inject.Injector - StoppedInjecting
10:02:58.248 [GatlingSystem-akka.actor.default-dispatcher-10] INFO  com.intuit.karate - karate.env system property was:  
10:02:58.251 [GatlingSystem-akka.actor.default-dispatcher-10] DEBUG com.intuit.karate - request:
1 > GET https://reqres.in/api/users/2
1 > Accept-Encoding: gzip,deflate
1 > Connection: Keep-Alive
1 > Host: reqres.in
1 > User-Agent: Apache-HttpClient/4.5.12 (Java/11.0.10)

10:02:58.343 [GatlingSystem-akka.actor.default-dispatcher-8] DEBUG com.intuit.karate - response time in milliseconds: 430.08
1 < 201
1 < CF-Cache-Status: DYNAMIC
1 < CF-RAY: 6a38b97f8d640ed8-BOM
1 < Connection: keep-alive
1 < Content-Length: 84
1 < Content-Type: application/json; charset=utf-8
1 < Date: Mon, 25 Oct 2021 04:33:04 GMT
1 < Expect-CT: max-age=604800, report-uri="https://report-uri.cloudflare.com/cdn-cgi/beacon/expect-ct"
1 < NEL: {"success_fraction":0,"report_to":"cf-nel","max_age":604800}
1 < Report-To: {"endpoints":[{"url":"https:\/\/a.nel.cloudflare.com\/report\/v3?s=uL4PJble8DoAaIjibeUOSozQpBFjwMECXz32HWMiPHSLrM9zDGkCvgdmzOH0OUPKvfWiwIN%2Fah06reoTmO9wtovIpVSjQ9Vc5gUdw7R8xPMs0LdeNOYIXFuULpM%3D"}],"group":"cf-nel","max_age":604800}
1 < Server: cloudflare
1 < access-control-allow-origin: *
1 < alt-svc: h3=":443"; ma=86400, h3-29=":443"; ma=86400, h3-28=":443"; ma=86400, h3-27=":443"; ma=86400
1 < etag: W/"54-L+gzLAw6j+q7ZVOPCXuOLVE9g10"
1 < via: 1.1 vegur
1 < x-powered-by: Express
{"name":"morpheus","job":"leader","id":"952","createdAt":"2021-10-25T04:33:04.140Z"}

10:02:58.344 [GatlingSystem-akka.actor.default-dispatcher-8] INFO  com.intuit.karate - [print] {
  "createdAt": "2021-10-25T04:33:04.140Z",
  "name": "morpheus",
  "id": "952",
  "job": "leader"
}

10:02:58.419 [GatlingSystem-akka.actor.default-dispatcher-10] DEBUG com.intuit.karate - response time in milliseconds: 167.15
1 < 200
1 < Age: 1994
1 < CF-Cache-Status: HIT
1 < CF-RAY: 6a38b981cbff2e65-BOM
1 < Cache-Control: max-age=14400
1 < Connection: keep-alive
1 < Content-Type: application/json; charset=utf-8
1 < Date: Mon, 25 Oct 2021 04:33:04 GMT
1 < Expect-CT: max-age=604800, report-uri="https://report-uri.cloudflare.com/cdn-cgi/beacon/expect-ct"
1 < NEL: {"success_fraction":0,"report_to":"cf-nel","max_age":604800}
1 < Report-To: {"endpoints":[{"url":"https:\/\/a.nel.cloudflare.com\/report\/v3?s=Q7y4PDC3U6BtsJ00zFmiC9LxajX2hcA9Phi5rV17Z7HSpzvckt7SQ7YmyuQXGe%2BOHrAZ8CnhYWYuaKZSWNd73hFQXFXRC19wLasM0KYuKQynkjJ445LvLLFSfjc%3D"}],"group":"cf-nel","max_age":604800}
1 < Server: cloudflare
1 < Transfer-Encoding: chunked
1 < Vary: Accept-Encoding
1 < access-control-allow-origin: *
1 < alt-svc: h3=":443"; ma=86400, h3-29=":443"; ma=86400, h3-28=":443"; ma=86400, h3-27=":443"; ma=86400
1 < etag: W/"118-pbdwwFo9SKNhD3Lx5iHJyngpq00"
1 < via: 1.1 vegur
1 < x-powered-by: Express
{"data":{"id":2,"email":"janet.weaver@reqres.in","first_name":"Janet","last_name":"Weaver","avatar":"https://reqres.in/img/faces/2-image.jpg"},"support":{"url":"https://reqres.in/#support-heading","text":"To keep ReqRes free, contributions towards server costs are appreciated!"}}

10:02:58.421 [GatlingSystem-akka.actor.default-dispatcher-10] INFO  com.intuit.karate - [print] {
  "data": {
    "last_name": "Weaver",
    "id": 2,
    "avatar": "https://reqres.in/img/faces/2-image.jpg",
    "first_name": "Janet",
    "email": "janet.weaver@reqres.in"
  },
  "support": {
    "text": "To keep ReqRes free, contributions towards server costs are appreciated!",
    "url": "https://reqres.in/#support-heading"
  }
}

10:02:58.433 [GatlingSystem-akka.actor.default-dispatcher-10] INFO  com.intuit.karate - karate.env system property was:  
10:02:58.439 [GatlingSystem-akka.actor.default-dispatcher-10] DEBUG com.intuit.karate - request:
1 > POST https://reqres.in/api/api/users
1 > Accept-Encoding: gzip,deflate
1 > Connection: Keep-Alive
1 > Content-Length: 34
1 > Content-Type: application/json; charset=UTF-8
1 > Host: reqres.in
1 > User-Agent: Apache-HttpClient/4.5.12 (Java/11.0.10)
{"name":"morpheus","job":"leader"}

10:02:58.742 [GatlingSystem-akka.actor.default-dispatcher-8] INFO  com.intuit.karate - karate.env system property was:  
10:02:58.746 [GatlingSystem-akka.actor.default-dispatcher-8] DEBUG com.intuit.karate - request:
1 > GET https://reqres.in/api/users/2
1 > Accept-Encoding: gzip,deflate
1 > Connection: Keep-Alive
1 > Host: reqres.in
1 > User-Agent: Apache-HttpClient/4.5.12 (Java/11.0.10)

10:02:58.853 [GatlingSystem-akka.actor.default-dispatcher-10] DEBUG com.intuit.karate - response time in milliseconds: 412.93
1 < 201
1 < CF-Cache-Status: DYNAMIC
1 < CF-RAY: 6a38b982ccc13205-BOM
1 < Connection: keep-alive
1 < Content-Length: 84
1 < Content-Type: application/json; charset=utf-8
1 < Date: Mon, 25 Oct 2021 04:33:04 GMT
1 < Expect-CT: max-age=604800, report-uri="https://report-uri.cloudflare.com/cdn-cgi/beacon/expect-ct"
1 < NEL: {"success_fraction":0,"report_to":"cf-nel","max_age":604800}
1 < Report-To: {"endpoints":[{"url":"https:\/\/a.nel.cloudflare.com\/report\/v3?s=uj0G0pW%2BjfvdKJnQX0fNZm24JC6uooQF%2FzmiYkmQsJ2xbzUYaan8BbBZ8TOh1HHHqsW7qjP80hzrra%2FSM36%2B02R4r2GpxffGYXjWwuh%2FQAc1FwdaXALYlTeYRwA%3D"}],"group":"cf-nel","max_age":604800}
1 < Server: cloudflare
1 < access-control-allow-origin: *
1 < alt-svc: h3=":443"; ma=86400, h3-29=":443"; ma=86400, h3-28=":443"; ma=86400, h3-27=":443"; ma=86400
1 < etag: W/"54-fMkJgP/KFdj5r6ZDX0laxvQghHc"
1 < via: 1.1 vegur
1 < x-powered-by: Express
{"name":"morpheus","job":"leader","id":"564","createdAt":"2021-10-25T04:33:04.652Z"}

10:02:58.853 [GatlingSystem-akka.actor.default-dispatcher-10] INFO  com.intuit.karate - [print] {
  "createdAt": "2021-10-25T04:33:04.652Z",
  "name": "morpheus",
  "id": "564",
  "job": "leader"
}

10:02:58.935 [GatlingSystem-akka.actor.default-dispatcher-8] DEBUG com.intuit.karate - response time in milliseconds: 189.14
1 < 200
1 < Age: 1994
1 < CF-Cache-Status: HIT
1 < CF-RAY: 6a38b984fad37351-BOM
1 < Cache-Control: max-age=14400
1 < Connection: keep-alive
1 < Content-Type: application/json; charset=utf-8
1 < Date: Mon, 25 Oct 2021 04:33:04 GMT
1 < Expect-CT: max-age=604800, report-uri="https://report-uri.cloudflare.com/cdn-cgi/beacon/expect-ct"
1 < NEL: {"success_fraction":0,"report_to":"cf-nel","max_age":604800}
1 < Report-To: {"endpoints":[{"url":"https:\/\/a.nel.cloudflare.com\/report\/v3?s=qHq4HOzMMGLcuqa4EI5Ukh3Q%2BEFYIa%2BPdqlRzVngVqNazzxp%2FTwqhFEScW9Zta1I2iuBmedkj7MZ8ycoiyH%2B%2F%2FyVt3KiKYs6qTNUvV6YqPfjCSGnpT50mhzyEPA%3D"}],"group":"cf-nel","max_age":604800}
1 < Server: cloudflare
1 < Transfer-Encoding: chunked
1 < Vary: Accept-Encoding
1 < access-control-allow-origin: *
1 < alt-svc: h3=":443"; ma=86400, h3-29=":443"; ma=86400, h3-28=":443"; ma=86400, h3-27=":443"; ma=86400
1 < etag: W/"118-pbdwwFo9SKNhD3Lx5iHJyngpq00"
1 < via: 1.1 vegur
1 < x-powered-by: Express
{"data":{"id":2,"email":"janet.weaver@reqres.in","first_name":"Janet","last_name":"Weaver","avatar":"https://reqres.in/img/faces/2-image.jpg"},"support":{"url":"https://reqres.in/#support-heading","text":"To keep ReqRes free, contributions towards server costs are appreciated!"}}

10:02:58.937 [GatlingSystem-akka.actor.default-dispatcher-8] INFO  com.intuit.karate - [print] {
  "data": {
    "last_name": "Weaver",
    "id": 2,
    "avatar": "https://reqres.in/img/faces/2-image.jpg",
    "first_name": "Janet",
    "email": "janet.weaver@reqres.in"
  },
  "support": {
    "text": "To keep ReqRes free, contributions towards server costs are appreciated!",
    "url": "https://reqres.in/#support-heading"
  }
}

10:02:58.950 [GatlingSystem-akka.actor.default-dispatcher-8] INFO  com.intuit.karate - karate.env system property was:  
10:02:58.955 [GatlingSystem-akka.actor.default-dispatcher-8] DEBUG com.intuit.karate - request:
1 > POST https://reqres.in/api/api/users
1 > Accept-Encoding: gzip,deflate
1 > Connection: Keep-Alive
1 > Content-Length: 34
1 > Content-Type: application/json; charset=UTF-8
1 > Host: reqres.in
1 > User-Agent: Apache-HttpClient/4.5.12 (Java/11.0.10)
{"name":"morpheus","job":"leader"}

10:02:59.378 [GatlingSystem-akka.actor.default-dispatcher-8] DEBUG com.intuit.karate - response time in milliseconds: 422.71
1 < 201
1 < CF-Cache-Status: DYNAMIC
1 < CF-RAY: 6a38b9860ba4318d-BOM
1 < Connection: keep-alive
1 < Content-Length: 84
1 < Content-Type: application/json; charset=utf-8
1 < Date: Mon, 25 Oct 2021 04:33:05 GMT
1 < Expect-CT: max-age=604800, report-uri="https://report-uri.cloudflare.com/cdn-cgi/beacon/expect-ct"
1 < NEL: {"success_fraction":0,"report_to":"cf-nel","max_age":604800}
1 < Report-To: {"endpoints":[{"url":"https:\/\/a.nel.cloudflare.com\/report\/v3?s=yEyrWHJc%2B7W28zszQBLxiV%2F1XaCuemW9P5umtP9Uv5hbzqQVX%2FlRcd%2FS1S4AKRoBEpZIl%2Fec%2Fij%2Bmrvi1muHESIhDYJ9wQrDD603HCW0Lyrij8%2FsBqaOlDNvX0Y%3D"}],"group":"cf-nel","max_age":604800}
1 < Server: cloudflare
1 < access-control-allow-origin: *
1 < alt-svc: h3=":443"; ma=86400, h3-29=":443"; ma=86400, h3-28=":443"; ma=86400, h3-27=":443"; ma=86400
1 < etag: W/"54-yeLXLDlDJAAIThYiozpk3UuRoFY"
1 < via: 1.1 vegur
1 < x-powered-by: Express
{"name":"morpheus","job":"leader","id":"460","createdAt":"2021-10-25T04:33:05.172Z"}

10:02:59.379 [GatlingSystem-akka.actor.default-dispatcher-8] INFO  com.intuit.karate - [print] {
  "createdAt": "2021-10-25T04:33:05.172Z",
  "name": "morpheus",
  "id": "460",
  "job": "leader"
}

10:02:59.380 [GatlingSystem-akka.actor.default-dispatcher-2] INFO  i.g.core.controller.inject.Injector - All users of scenario getCall are stopped
10:02:59.380 [GatlingSystem-akka.actor.default-dispatcher-2] INFO  i.g.core.controller.inject.Injector - Stopping
10:02:59.384 [GatlingSystem-akka.actor.default-dispatcher-10] INFO  i.gatling.core.controller.Controller - Injector has stopped, initiating graceful stop
10:02:59.391 [GatlingSystem-akka.actor.default-dispatcher-5] INFO  i.gatling.core.controller.Controller - StatsEngineStopped
10:02:59.490 [main] INFO  i.gatling.charts.stats.LogFileReader - Collected ArrayBuffer(C:\Users\cyril\IdeaProjects\KarateGatling\target\gatling\testusersimulation-20211025043248685\simulation.log) from testusersimulation-20211025043248685
10:02:59.516 [main] INFO  i.gatling.charts.stats.LogFileReader - First pass
10:02:59.578 [main] INFO  i.gatling.charts.stats.LogFileReader - First pass done: read 82 lines
10:02:59.610 [main] INFO  i.gatling.charts.stats.LogFileReader - Second pass
10:02:59.699 [main] INFO  i.gatling.charts.stats.LogFileReader - Second pass: read 82 lines
